TimeQuest Timing Analyzer report for ULA
Thu Jun 27 20:41:04 2019
Quartus II 64-Bit Version 13.0.0 Build 156 04/24/2013 SJ Web Edition


---------------------
; Table of Contents ;
---------------------
  1. Legal Notice
  2. TimeQuest Timing Analyzer Summary
  3. Parallel Compilation
  4. Clocks
  5. Slow Model Fmax Summary
  6. Slow Model Setup Summary
  7. Slow Model Hold Summary
  8. Slow Model Recovery Summary
  9. Slow Model Removal Summary
 10. Slow Model Minimum Pulse Width Summary
 11. Propagation Delay
 12. Minimum Propagation Delay
 13. Fast Model Setup Summary
 14. Fast Model Hold Summary
 15. Fast Model Recovery Summary
 16. Fast Model Removal Summary
 17. Fast Model Minimum Pulse Width Summary
 18. Propagation Delay
 19. Minimum Propagation Delay
 20. Multicorner Timing Analysis Summary
 21. Progagation Delay
 22. Minimum Progagation Delay
 23. Clock Transfers
 24. Report TCCS
 25. Report RSKM
 26. Unconstrained Paths
 27. TimeQuest Timing Analyzer Messages



----------------
; Legal Notice ;
----------------
Copyright (C) 1991-2013 Altera Corporation
Your use of Altera Corporation's design tools, logic functions 
and other software and tools, and its AMPP partner logic 
functions, and any output files from any of the foregoing 
(including device programming or simulation files), and any 
associated documentation or information are expressly subject 
to the terms and conditions of the Altera Program License 
Subscription Agreement, Altera MegaCore Function License 
Agreement, or other applicable license agreement, including, 
without limitation, that your use is for the sole purpose of 
programming logic devices manufactured by Altera and sold by 
Altera or its authorized distributors.  Please refer to the 
applicable agreement for further details.



+-------------------------------------------------------------------------+
; TimeQuest Timing Analyzer Summary                                       ;
+--------------------+----------------------------------------------------+
; Quartus II Version ; Version 13.0.0 Build 156 04/24/2013 SJ Web Edition ;
; Revision Name      ; ULA                                                ;
; Device Family      ; Cyclone II                                         ;
; Device Name        ; EP2C35F672C6                                       ;
; Timing Models      ; Final                                              ;
; Delay Model        ; Combined                                           ;
; Rise/Fall Delays   ; Unavailable                                        ;
+--------------------+----------------------------------------------------+


Parallel compilation was disabled, but you have multiple processors available. Enable parallel compilation to reduce compilation time.
+-------------------------------------+
; Parallel Compilation                ;
+----------------------------+--------+
; Processors                 ; Number ;
+----------------------------+--------+
; Number detected on machine ; 8      ;
; Maximum allowed            ; 1      ;
+----------------------------+--------+


----------
; Clocks ;
----------
No clocks to report.


---------------------------
; Slow Model Fmax Summary ;
---------------------------
No paths to report.


----------------------------
; Slow Model Setup Summary ;
----------------------------
No paths to report.


---------------------------
; Slow Model Hold Summary ;
---------------------------
No paths to report.


-------------------------------
; Slow Model Recovery Summary ;
-------------------------------
No paths to report.


------------------------------
; Slow Model Removal Summary ;
------------------------------
No paths to report.


------------------------------------------
; Slow Model Minimum Pulse Width Summary ;
------------------------------------------
No paths to report.


+---------------------------------------------------------------+
; Propagation Delay                                             ;
+-------------+-------------+--------+--------+--------+--------+
; Input Port  ; Output Port ; RR     ; RF     ; FR     ; FF     ;
+-------------+-------------+--------+--------+--------+--------+
; a[0]        ; NZ[0]       ; 13.767 ; 13.767 ; 13.767 ; 13.767 ;
; a[0]        ; NZ[1]       ; 12.595 ; 12.595 ; 12.595 ; 12.595 ;
; a[0]        ; y[0]        ; 9.461  ; 9.461  ; 9.461  ; 9.461  ;
; a[0]        ; y[1]        ; 9.760  ; 9.760  ; 9.760  ; 9.760  ;
; a[0]        ; y[2]        ; 10.330 ; 10.330 ; 10.330 ; 10.330 ;
; a[0]        ; y[3]        ; 12.868 ; 12.868 ; 12.868 ; 12.868 ;
; a[0]        ; y[4]        ; 11.183 ; 11.183 ; 11.183 ; 11.183 ;
; a[0]        ; y[5]        ; 12.280 ; 12.280 ; 12.280 ; 12.280 ;
; a[0]        ; y[6]        ; 13.954 ; 13.954 ; 13.954 ; 13.954 ;
; a[0]        ; y[7]        ; 13.272 ; 13.272 ; 13.272 ; 13.272 ;
; a[1]        ; NZ[0]       ; 13.814 ; 13.814 ; 13.814 ; 13.814 ;
; a[1]        ; NZ[1]       ; 12.642 ; 12.642 ; 12.642 ; 12.642 ;
; a[1]        ; y[1]        ; 9.807  ; 9.807  ; 9.807  ; 9.807  ;
; a[1]        ; y[2]        ; 10.377 ; 10.377 ; 10.377 ; 10.377 ;
; a[1]        ; y[3]        ; 12.915 ; 12.915 ; 12.915 ; 12.915 ;
; a[1]        ; y[4]        ; 11.230 ; 11.230 ; 11.230 ; 11.230 ;
; a[1]        ; y[5]        ; 12.327 ; 12.327 ; 12.327 ; 12.327 ;
; a[1]        ; y[6]        ; 14.001 ; 14.001 ; 14.001 ; 14.001 ;
; a[1]        ; y[7]        ; 13.319 ; 13.319 ; 13.319 ; 13.319 ;
; a[2]        ; NZ[0]       ; 13.229 ; 13.229 ; 13.229 ; 13.229 ;
; a[2]        ; NZ[1]       ; 12.057 ; 12.057 ; 12.057 ; 12.057 ;
; a[2]        ; y[2]        ; 10.111 ; 10.111 ; 10.111 ; 10.111 ;
; a[2]        ; y[3]        ; 12.639 ; 12.639 ; 12.639 ; 12.639 ;
; a[2]        ; y[4]        ; 10.645 ; 10.645 ; 10.645 ; 10.645 ;
; a[2]        ; y[5]        ; 11.742 ; 11.742 ; 11.742 ; 11.742 ;
; a[2]        ; y[6]        ; 13.416 ; 13.416 ; 13.416 ; 13.416 ;
; a[2]        ; y[7]        ; 12.734 ; 12.734 ; 12.734 ; 12.734 ;
; a[3]        ; NZ[0]       ; 13.909 ; 13.909 ; 13.909 ; 13.909 ;
; a[3]        ; NZ[1]       ; 12.737 ; 12.737 ; 12.737 ; 12.737 ;
; a[3]        ; y[3]        ; 12.004 ; 12.004 ; 12.004 ; 12.004 ;
; a[3]        ; y[4]        ; 11.325 ; 11.325 ; 11.325 ; 11.325 ;
; a[3]        ; y[5]        ; 12.422 ; 12.422 ; 12.422 ; 12.422 ;
; a[3]        ; y[6]        ; 14.096 ; 14.096 ; 14.096 ; 14.096 ;
; a[3]        ; y[7]        ; 13.414 ; 13.414 ; 13.414 ; 13.414 ;
; a[4]        ; NZ[0]       ; 12.649 ; 12.649 ; 12.649 ; 12.649 ;
; a[4]        ; NZ[1]       ; 11.477 ; 11.477 ; 11.477 ; 11.477 ;
; a[4]        ; y[4]        ; 10.064 ; 10.064 ; 10.064 ; 10.064 ;
; a[4]        ; y[5]        ; 11.162 ; 11.162 ; 11.162 ; 11.162 ;
; a[4]        ; y[6]        ; 12.836 ; 12.836 ; 12.836 ; 12.836 ;
; a[4]        ; y[7]        ; 12.154 ; 12.154 ; 12.154 ; 12.154 ;
; a[5]        ; NZ[0]       ; 11.180 ; 11.180 ; 11.180 ; 11.180 ;
; a[5]        ; NZ[1]       ; 9.928  ; 9.928  ; 9.928  ; 9.928  ;
; a[5]        ; y[5]        ; 9.926  ; 9.926  ; 9.926  ; 9.926  ;
; a[5]        ; y[6]        ; 11.283 ; 11.283 ; 11.283 ; 11.283 ;
; a[5]        ; y[7]        ; 10.605 ; 10.605 ; 10.605 ; 10.605 ;
; a[6]        ; NZ[0]       ; 11.811 ; 11.811 ; 11.811 ; 11.811 ;
; a[6]        ; NZ[1]       ; 10.639 ; 10.639 ; 10.639 ; 10.639 ;
; a[6]        ; y[6]        ; 12.012 ; 12.012 ; 12.012 ; 12.012 ;
; a[6]        ; y[7]        ; 11.316 ; 11.316 ; 11.316 ; 11.316 ;
; a[7]        ; NZ[0]       ; 7.912  ; 7.912  ; 7.912  ; 7.912  ;
; a[7]        ; NZ[1]       ; 6.740  ; 6.740  ; 6.740  ; 6.740  ;
; a[7]        ; y[7]        ; 7.201  ; 7.201  ; 7.201  ; 7.201  ;
; b[0]        ; NZ[0]       ; 13.996 ; 13.996 ; 13.996 ; 13.996 ;
; b[0]        ; NZ[1]       ; 12.824 ; 12.824 ; 12.824 ; 12.824 ;
; b[0]        ; y[0]        ; 9.688  ; 9.688  ; 9.688  ; 9.688  ;
; b[0]        ; y[1]        ; 9.989  ; 9.989  ; 9.989  ; 9.989  ;
; b[0]        ; y[2]        ; 10.559 ; 10.559 ; 10.559 ; 10.559 ;
; b[0]        ; y[3]        ; 13.097 ; 13.097 ; 13.097 ; 13.097 ;
; b[0]        ; y[4]        ; 11.412 ; 11.412 ; 11.412 ; 11.412 ;
; b[0]        ; y[5]        ; 12.509 ; 12.509 ; 12.509 ; 12.509 ;
; b[0]        ; y[6]        ; 14.183 ; 14.183 ; 14.183 ; 14.183 ;
; b[0]        ; y[7]        ; 13.501 ; 13.501 ; 13.501 ; 13.501 ;
; b[1]        ; NZ[0]       ; 13.727 ; 13.727 ; 13.727 ; 13.727 ;
; b[1]        ; NZ[1]       ; 12.555 ; 12.555 ; 12.555 ; 12.555 ;
; b[1]        ; y[1]        ; 9.726  ; 9.726  ; 9.726  ; 9.726  ;
; b[1]        ; y[2]        ; 10.290 ; 10.290 ; 10.290 ; 10.290 ;
; b[1]        ; y[3]        ; 12.828 ; 12.828 ; 12.828 ; 12.828 ;
; b[1]        ; y[4]        ; 11.143 ; 11.143 ; 11.143 ; 11.143 ;
; b[1]        ; y[5]        ; 12.240 ; 12.240 ; 12.240 ; 12.240 ;
; b[1]        ; y[6]        ; 13.914 ; 13.914 ; 13.914 ; 13.914 ;
; b[1]        ; y[7]        ; 13.232 ; 13.232 ; 13.232 ; 13.232 ;
; b[2]        ; NZ[0]       ; 13.142 ; 13.142 ; 13.142 ; 13.142 ;
; b[2]        ; NZ[1]       ; 11.970 ; 11.970 ; 11.970 ; 11.970 ;
; b[2]        ; y[2]        ; 9.904  ; 9.904  ; 9.904  ; 9.904  ;
; b[2]        ; y[3]        ; 12.714 ; 12.714 ; 12.714 ; 12.714 ;
; b[2]        ; y[4]        ; 10.558 ; 10.558 ; 10.558 ; 10.558 ;
; b[2]        ; y[5]        ; 11.655 ; 11.655 ; 11.655 ; 11.655 ;
; b[2]        ; y[6]        ; 13.329 ; 13.329 ; 13.329 ; 13.329 ;
; b[2]        ; y[7]        ; 12.647 ; 12.647 ; 12.647 ; 12.647 ;
; b[3]        ; NZ[0]       ; 14.369 ; 14.369 ; 14.369 ; 14.369 ;
; b[3]        ; NZ[1]       ; 13.197 ; 13.197 ; 13.197 ; 13.197 ;
; b[3]        ; y[3]        ; 11.898 ; 11.898 ; 11.898 ; 11.898 ;
; b[3]        ; y[4]        ; 11.785 ; 11.785 ; 11.785 ; 11.785 ;
; b[3]        ; y[5]        ; 12.882 ; 12.882 ; 12.882 ; 12.882 ;
; b[3]        ; y[6]        ; 14.556 ; 14.556 ; 14.556 ; 14.556 ;
; b[3]        ; y[7]        ; 13.874 ; 13.874 ; 13.874 ; 13.874 ;
; b[4]        ; NZ[0]       ; 12.664 ; 12.664 ; 12.664 ; 12.664 ;
; b[4]        ; NZ[1]       ; 11.492 ; 11.492 ; 11.492 ; 11.492 ;
; b[4]        ; y[4]        ; 10.074 ; 10.074 ; 10.074 ; 10.074 ;
; b[4]        ; y[5]        ; 11.177 ; 11.177 ; 11.177 ; 11.177 ;
; b[4]        ; y[6]        ; 12.851 ; 12.851 ; 12.851 ; 12.851 ;
; b[4]        ; y[7]        ; 12.169 ; 12.169 ; 12.169 ; 12.169 ;
; b[5]        ; NZ[0]       ; 11.370 ; 11.370 ; 11.370 ; 11.370 ;
; b[5]        ; NZ[1]       ; 10.198 ; 10.198 ; 10.198 ; 10.198 ;
; b[5]        ; y[5]        ; 9.602  ; 9.602  ; 9.602  ; 9.602  ;
; b[5]        ; y[6]        ; 11.557 ; 11.557 ; 11.557 ; 11.557 ;
; b[5]        ; y[7]        ; 10.875 ; 10.875 ; 10.875 ; 10.875 ;
; b[6]        ; NZ[0]       ; 12.180 ; 12.180 ; 12.180 ; 12.180 ;
; b[6]        ; NZ[1]       ; 11.008 ; 11.008 ; 11.008 ; 11.008 ;
; b[6]        ; y[6]        ; 12.408 ; 12.408 ; 12.408 ; 12.408 ;
; b[6]        ; y[7]        ; 11.685 ; 11.685 ; 11.685 ; 11.685 ;
; b[7]        ; NZ[0]       ; 8.139  ; 8.139  ; 8.139  ; 8.139  ;
; b[7]        ; NZ[1]       ; 6.967  ; 6.967  ; 6.967  ; 6.967  ;
; b[7]        ; y[7]        ; 6.637  ; 6.637  ; 6.637  ; 6.637  ;
; operacao[0] ; y[0]        ; 9.892  ; 9.892  ; 9.892  ; 9.892  ;
; operacao[0] ; y[1]        ; 10.346 ; 10.346 ; 10.346 ; 10.346 ;
; operacao[0] ; y[2]        ; 10.248 ; 10.248 ; 10.248 ; 10.248 ;
; operacao[0] ; y[3]        ; 11.044 ; 11.044 ; 11.044 ; 11.044 ;
; operacao[0] ; y[4]        ; 10.289 ; 10.289 ; 10.289 ; 10.289 ;
; operacao[0] ; y[5]        ; 10.216 ; 10.216 ; 10.216 ; 10.216 ;
; operacao[0] ; y[6]        ; 11.195 ; 11.195 ; 11.195 ; 11.195 ;
; operacao[0] ; y[7]        ; 10.363 ; 10.363 ; 10.363 ; 10.363 ;
; operacao[1] ; y[0]        ; 10.065 ; 10.065 ; 10.065 ; 10.065 ;
; operacao[1] ; y[1]        ; 10.523 ; 10.523 ; 10.523 ; 10.523 ;
; operacao[1] ; y[2]        ; 10.423 ; 10.423 ; 10.423 ; 10.423 ;
; operacao[1] ; y[3]        ; 11.148 ; 11.148 ; 11.148 ; 11.148 ;
; operacao[1] ; y[4]        ; 10.147 ; 10.147 ; 10.147 ; 10.147 ;
; operacao[1] ; y[5]        ; 10.389 ; 10.389 ; 10.389 ; 10.389 ;
; operacao[1] ; y[6]        ; 11.371 ; 11.371 ; 11.371 ; 11.371 ;
; operacao[1] ; y[7]        ; 10.531 ; 10.531 ; 10.531 ; 10.531 ;
; operacao[2] ; y[0]        ; 9.563  ; 9.563  ; 9.563  ; 9.563  ;
; operacao[2] ; y[1]        ; 10.188 ; 10.188 ; 10.188 ; 10.188 ;
; operacao[2] ; y[2]        ; 10.240 ; 10.240 ; 10.240 ; 10.240 ;
; operacao[2] ; y[3]        ; 9.814  ; 9.814  ; 9.814  ; 9.814  ;
; operacao[2] ; y[4]        ; 10.464 ; 10.464 ; 10.464 ; 10.464 ;
; operacao[2] ; y[5]        ; 9.857  ; 9.857  ; 9.857  ; 9.857  ;
; operacao[2] ; y[6]        ; 9.593  ; 9.593  ; 9.593  ; 9.593  ;
; operacao[2] ; y[7]        ; 9.776  ; 9.776  ; 9.776  ; 9.776  ;
+-------------+-------------+--------+--------+--------+--------+


+---------------------------------------------------------------+
; Minimum Propagation Delay                                     ;
+-------------+-------------+--------+--------+--------+--------+
; Input Port  ; Output Port ; RR     ; RF     ; FR     ; FF     ;
+-------------+-------------+--------+--------+--------+--------+
; a[0]        ; NZ[0]       ; 10.472 ; 10.472 ; 10.472 ; 10.472 ;
; a[0]        ; NZ[1]       ; 12.595 ; 12.595 ; 12.595 ; 12.595 ;
; a[0]        ; y[0]        ; 9.461  ; 9.461  ; 9.461  ; 9.461  ;
; a[0]        ; y[1]        ; 9.760  ; 9.760  ; 9.760  ; 9.760  ;
; a[0]        ; y[2]        ; 10.330 ; 10.330 ; 10.330 ; 10.330 ;
; a[0]        ; y[3]        ; 12.868 ; 12.868 ; 12.868 ; 12.868 ;
; a[0]        ; y[4]        ; 11.183 ; 11.183 ; 11.183 ; 11.183 ;
; a[0]        ; y[5]        ; 12.280 ; 12.280 ; 12.280 ; 12.280 ;
; a[0]        ; y[6]        ; 13.954 ; 13.954 ; 13.954 ; 13.954 ;
; a[0]        ; y[7]        ; 13.272 ; 13.272 ; 13.272 ; 13.272 ;
; a[1]        ; NZ[0]       ; 11.235 ; 11.235 ; 11.235 ; 11.235 ;
; a[1]        ; NZ[1]       ; 12.642 ; 12.642 ; 12.642 ; 12.642 ;
; a[1]        ; y[1]        ; 8.953  ; 9.807  ; 9.807  ; 8.953  ;
; a[1]        ; y[2]        ; 10.377 ; 10.377 ; 10.377 ; 10.377 ;
; a[1]        ; y[3]        ; 12.915 ; 12.915 ; 12.915 ; 12.915 ;
; a[1]        ; y[4]        ; 11.230 ; 11.230 ; 11.230 ; 11.230 ;
; a[1]        ; y[5]        ; 12.327 ; 12.327 ; 12.327 ; 12.327 ;
; a[1]        ; y[6]        ; 14.001 ; 14.001 ; 14.001 ; 14.001 ;
; a[1]        ; y[7]        ; 13.319 ; 13.319 ; 13.319 ; 13.319 ;
; a[2]        ; NZ[0]       ; 11.326 ; 11.326 ; 11.326 ; 11.326 ;
; a[2]        ; NZ[1]       ; 12.057 ; 12.057 ; 12.057 ; 12.057 ;
; a[2]        ; y[2]        ; 9.292  ; 10.111 ; 10.111 ; 9.292  ;
; a[2]        ; y[3]        ; 12.639 ; 12.639 ; 12.639 ; 12.639 ;
; a[2]        ; y[4]        ; 10.645 ; 10.645 ; 10.645 ; 10.645 ;
; a[2]        ; y[5]        ; 11.742 ; 11.742 ; 11.742 ; 11.742 ;
; a[2]        ; y[6]        ; 13.416 ; 13.416 ; 13.416 ; 13.416 ;
; a[2]        ; y[7]        ; 12.734 ; 12.734 ; 12.734 ; 12.734 ;
; a[3]        ; NZ[0]       ; 11.090 ; 11.090 ; 11.090 ; 11.090 ;
; a[3]        ; NZ[1]       ; 11.824 ; 11.824 ; 11.824 ; 11.824 ;
; a[3]        ; y[3]        ; 9.848  ; 11.137 ; 11.137 ; 9.848  ;
; a[3]        ; y[4]        ; 10.409 ; 10.409 ; 10.409 ; 10.409 ;
; a[3]        ; y[5]        ; 11.509 ; 11.509 ; 11.509 ; 11.509 ;
; a[3]        ; y[6]        ; 13.183 ; 13.183 ; 13.183 ; 13.183 ;
; a[3]        ; y[7]        ; 12.501 ; 12.501 ; 12.501 ; 12.501 ;
; a[4]        ; NZ[0]       ; 10.745 ; 10.745 ; 10.745 ; 10.745 ;
; a[4]        ; NZ[1]       ; 11.477 ; 11.477 ; 11.477 ; 11.477 ;
; a[4]        ; y[4]        ; 9.828  ; 10.064 ; 10.064 ; 9.828  ;
; a[4]        ; y[5]        ; 11.162 ; 11.162 ; 11.162 ; 11.162 ;
; a[4]        ; y[6]        ; 12.836 ; 12.836 ; 12.836 ; 12.836 ;
; a[4]        ; y[7]        ; 12.154 ; 12.154 ; 12.154 ; 12.154 ;
; a[5]        ; NZ[0]       ; 9.872  ; 9.872  ; 9.872  ; 9.872  ;
; a[5]        ; NZ[1]       ; 9.928  ; 9.928  ; 9.928  ; 9.928  ;
; a[5]        ; y[5]        ; 8.909  ; 9.926  ; 9.926  ; 8.909  ;
; a[5]        ; y[6]        ; 11.283 ; 11.283 ; 11.283 ; 11.283 ;
; a[5]        ; y[7]        ; 10.605 ; 10.605 ; 10.605 ; 10.605 ;
; a[6]        ; NZ[0]       ; 10.601 ; 10.601 ; 10.601 ; 10.601 ;
; a[6]        ; NZ[1]       ; 9.661  ; 9.661  ; 9.661  ; 9.661  ;
; a[6]        ; y[6]        ; 9.860  ; 10.955 ; 10.955 ; 9.860  ;
; a[6]        ; y[7]        ; 10.117 ; 10.117 ; 10.117 ; 10.117 ;
; a[7]        ; NZ[0]       ; 7.912  ; 7.912  ; 7.912  ; 7.912  ;
; a[7]        ; NZ[1]       ; 6.740  ; 6.740  ; 6.740  ; 6.740  ;
; a[7]        ; y[7]        ; 7.159  ; 7.159  ; 7.159  ; 7.159  ;
; b[0]        ; NZ[0]       ; 10.701 ; 10.701 ; 10.701 ; 10.701 ;
; b[0]        ; NZ[1]       ; 12.824 ; 12.824 ; 12.824 ; 12.824 ;
; b[0]        ; y[0]        ; 9.024  ; 9.688  ; 9.688  ; 9.024  ;
; b[0]        ; y[1]        ; 9.989  ; 9.989  ; 9.989  ; 9.989  ;
; b[0]        ; y[2]        ; 10.559 ; 10.559 ; 10.559 ; 10.559 ;
; b[0]        ; y[3]        ; 13.097 ; 13.097 ; 13.097 ; 13.097 ;
; b[0]        ; y[4]        ; 11.412 ; 11.412 ; 11.412 ; 11.412 ;
; b[0]        ; y[5]        ; 12.509 ; 12.509 ; 12.509 ; 12.509 ;
; b[0]        ; y[6]        ; 14.183 ; 14.183 ; 14.183 ; 14.183 ;
; b[0]        ; y[7]        ; 13.501 ; 13.501 ; 13.501 ; 13.501 ;
; b[1]        ; NZ[0]       ; 11.144 ; 11.144 ; 11.144 ; 11.144 ;
; b[1]        ; NZ[1]       ; 12.555 ; 12.555 ; 12.555 ; 12.555 ;
; b[1]        ; y[1]        ; 9.690  ; 9.690  ; 9.690  ; 9.690  ;
; b[1]        ; y[2]        ; 10.290 ; 10.290 ; 10.290 ; 10.290 ;
; b[1]        ; y[3]        ; 12.828 ; 12.828 ; 12.828 ; 12.828 ;
; b[1]        ; y[4]        ; 11.143 ; 11.143 ; 11.143 ; 11.143 ;
; b[1]        ; y[5]        ; 12.240 ; 12.240 ; 12.240 ; 12.240 ;
; b[1]        ; y[6]        ; 13.914 ; 13.914 ; 13.914 ; 13.914 ;
; b[1]        ; y[7]        ; 13.232 ; 13.232 ; 13.232 ; 13.232 ;
; b[2]        ; NZ[0]       ; 11.236 ; 11.236 ; 11.236 ; 11.236 ;
; b[2]        ; NZ[1]       ; 11.970 ; 11.970 ; 11.970 ; 11.970 ;
; b[2]        ; y[2]        ; 9.589  ; 9.589  ; 9.589  ; 9.589  ;
; b[2]        ; y[3]        ; 12.714 ; 12.714 ; 12.714 ; 12.714 ;
; b[2]        ; y[4]        ; 10.558 ; 10.558 ; 10.558 ; 10.558 ;
; b[2]        ; y[5]        ; 11.655 ; 11.655 ; 11.655 ; 11.655 ;
; b[2]        ; y[6]        ; 13.329 ; 13.329 ; 13.329 ; 13.329 ;
; b[2]        ; y[7]        ; 12.647 ; 12.647 ; 12.647 ; 12.647 ;
; b[3]        ; NZ[0]       ; 11.039 ; 11.039 ; 11.039 ; 11.039 ;
; b[3]        ; NZ[1]       ; 12.311 ; 12.311 ; 12.311 ; 12.311 ;
; b[3]        ; y[3]        ; 9.660  ; 10.331 ; 10.331 ; 9.660  ;
; b[3]        ; y[4]        ; 10.896 ; 10.896 ; 10.896 ; 10.896 ;
; b[3]        ; y[5]        ; 11.996 ; 11.996 ; 11.996 ; 11.996 ;
; b[3]        ; y[6]        ; 13.670 ; 13.670 ; 13.670 ; 13.670 ;
; b[3]        ; y[7]        ; 12.988 ; 12.988 ; 12.988 ; 12.988 ;
; b[4]        ; NZ[0]       ; 10.755 ; 10.755 ; 10.755 ; 10.755 ;
; b[4]        ; NZ[1]       ; 11.492 ; 11.492 ; 11.492 ; 11.492 ;
; b[4]        ; y[4]        ; 9.784  ; 9.784  ; 9.784  ; 9.784  ;
; b[4]        ; y[5]        ; 11.177 ; 11.177 ; 11.177 ; 11.177 ;
; b[4]        ; y[6]        ; 12.851 ; 12.851 ; 12.851 ; 12.851 ;
; b[4]        ; y[7]        ; 12.169 ; 12.169 ; 12.169 ; 12.169 ;
; b[5]        ; NZ[0]       ; 10.146 ; 10.146 ; 10.146 ; 10.146 ;
; b[5]        ; NZ[1]       ; 10.198 ; 10.198 ; 10.198 ; 10.198 ;
; b[5]        ; y[5]        ; 9.425  ; 9.425  ; 9.425  ; 9.425  ;
; b[5]        ; y[6]        ; 11.557 ; 11.557 ; 11.557 ; 11.557 ;
; b[5]        ; y[7]        ; 10.875 ; 10.875 ; 10.875 ; 10.875 ;
; b[6]        ; NZ[0]       ; 10.997 ; 10.997 ; 10.997 ; 10.997 ;
; b[6]        ; NZ[1]       ; 10.060 ; 10.060 ; 10.060 ; 10.060 ;
; b[6]        ; y[6]        ; 9.193  ; 10.260 ; 10.260 ; 9.193  ;
; b[6]        ; y[7]        ; 10.655 ; 10.655 ; 10.655 ; 10.655 ;
; b[7]        ; NZ[0]       ; 8.139  ; 8.139  ; 8.139  ; 8.139  ;
; b[7]        ; NZ[1]       ; 6.967  ; 6.967  ; 6.967  ; 6.967  ;
; b[7]        ; y[7]        ; 6.637  ; 6.637  ; 6.637  ; 6.637  ;
; operacao[0] ; y[0]        ; 9.374  ; 9.374  ; 9.374  ; 9.374  ;
; operacao[0] ; y[1]        ; 9.648  ; 9.648  ; 9.648  ; 9.648  ;
; operacao[0] ; y[2]        ; 9.668  ; 9.668  ; 9.668  ; 9.668  ;
; operacao[0] ; y[3]        ; 9.611  ; 9.611  ; 9.611  ; 9.611  ;
; operacao[0] ; y[4]        ; 9.587  ; 9.587  ; 9.587  ; 9.587  ;
; operacao[0] ; y[5]        ; 9.668  ; 9.668  ; 9.668  ; 9.668  ;
; operacao[0] ; y[6]        ; 9.404  ; 9.404  ; 9.404  ; 9.404  ;
; operacao[0] ; y[7]        ; 9.587  ; 9.587  ; 9.587  ; 9.587  ;
; operacao[1] ; y[0]        ; 9.166  ; 9.166  ; 9.166  ; 9.166  ;
; operacao[1] ; y[1]        ; 9.440  ; 9.440  ; 9.440  ; 9.440  ;
; operacao[1] ; y[2]        ; 9.460  ; 9.460  ; 9.460  ; 9.460  ;
; operacao[1] ; y[3]        ; 9.403  ; 9.403  ; 9.403  ; 9.403  ;
; operacao[1] ; y[4]        ; 9.379  ; 9.379  ; 9.379  ; 9.379  ;
; operacao[1] ; y[5]        ; 9.460  ; 9.460  ; 9.460  ; 9.460  ;
; operacao[1] ; y[6]        ; 9.196  ; 9.196  ; 9.196  ; 9.196  ;
; operacao[1] ; y[7]        ; 9.379  ; 9.379  ; 9.379  ; 9.379  ;
; operacao[2] ; y[0]        ; 9.394  ; 9.394  ; 9.394  ; 9.394  ;
; operacao[2] ; y[1]        ; 9.837  ; 9.837  ; 9.837  ; 9.837  ;
; operacao[2] ; y[2]        ; 9.857  ; 9.857  ; 9.857  ; 9.857  ;
; operacao[2] ; y[3]        ; 9.800  ; 9.800  ; 9.800  ; 9.800  ;
; operacao[2] ; y[4]        ; 9.776  ; 9.776  ; 9.776  ; 9.776  ;
; operacao[2] ; y[5]        ; 9.547  ; 9.547  ; 9.547  ; 9.547  ;
; operacao[2] ; y[6]        ; 9.291  ; 9.291  ; 9.291  ; 9.291  ;
; operacao[2] ; y[7]        ; 9.121  ; 9.121  ; 9.121  ; 9.121  ;
+-------------+-------------+--------+--------+--------+--------+


----------------------------
; Fast Model Setup Summary ;
----------------------------
No paths to report.


---------------------------
; Fast Model Hold Summary ;
---------------------------
No paths to report.


-------------------------------
; Fast Model Recovery Summary ;
-------------------------------
No paths to report.


------------------------------
; Fast Model Removal Summary ;
------------------------------
No paths to report.


------------------------------------------
; Fast Model Minimum Pulse Width Summary ;
------------------------------------------
No paths to report.


+-----------------------------------------------------------+
; Propagation Delay                                         ;
+-------------+-------------+-------+-------+-------+-------+
; Input Port  ; Output Port ; RR    ; RF    ; FR    ; FF    ;
+-------------+-------------+-------+-------+-------+-------+
; a[0]        ; NZ[0]       ; 7.177 ; 7.177 ; 7.177 ; 7.177 ;
; a[0]        ; NZ[1]       ; 6.663 ; 6.663 ; 6.663 ; 6.663 ;
; a[0]        ; y[0]        ; 5.233 ; 5.233 ; 5.233 ; 5.233 ;
; a[0]        ; y[1]        ; 5.410 ; 5.410 ; 5.410 ; 5.410 ;
; a[0]        ; y[2]        ; 5.616 ; 5.616 ; 5.616 ; 5.616 ;
; a[0]        ; y[3]        ; 6.762 ; 6.762 ; 6.762 ; 6.762 ;
; a[0]        ; y[4]        ; 6.034 ; 6.034 ; 6.034 ; 6.034 ;
; a[0]        ; y[5]        ; 6.448 ; 6.448 ; 6.448 ; 6.448 ;
; a[0]        ; y[6]        ; 7.161 ; 7.161 ; 7.161 ; 7.161 ;
; a[0]        ; y[7]        ; 6.935 ; 6.935 ; 6.935 ; 6.935 ;
; a[1]        ; NZ[0]       ; 7.196 ; 7.196 ; 7.196 ; 7.196 ;
; a[1]        ; NZ[1]       ; 6.682 ; 6.682 ; 6.682 ; 6.682 ;
; a[1]        ; y[1]        ; 5.429 ; 5.429 ; 5.429 ; 5.429 ;
; a[1]        ; y[2]        ; 5.635 ; 5.635 ; 5.635 ; 5.635 ;
; a[1]        ; y[3]        ; 6.781 ; 6.781 ; 6.781 ; 6.781 ;
; a[1]        ; y[4]        ; 6.053 ; 6.053 ; 6.053 ; 6.053 ;
; a[1]        ; y[5]        ; 6.467 ; 6.467 ; 6.467 ; 6.467 ;
; a[1]        ; y[6]        ; 7.180 ; 7.180 ; 7.180 ; 7.180 ;
; a[1]        ; y[7]        ; 6.954 ; 6.954 ; 6.954 ; 6.954 ;
; a[2]        ; NZ[0]       ; 6.959 ; 6.959 ; 6.959 ; 6.959 ;
; a[2]        ; NZ[1]       ; 6.445 ; 6.445 ; 6.445 ; 6.445 ;
; a[2]        ; y[2]        ; 5.548 ; 5.548 ; 5.548 ; 5.548 ;
; a[2]        ; y[3]        ; 6.684 ; 6.684 ; 6.684 ; 6.684 ;
; a[2]        ; y[4]        ; 5.816 ; 5.816 ; 5.816 ; 5.816 ;
; a[2]        ; y[5]        ; 6.230 ; 6.230 ; 6.230 ; 6.230 ;
; a[2]        ; y[6]        ; 6.943 ; 6.943 ; 6.943 ; 6.943 ;
; a[2]        ; y[7]        ; 6.717 ; 6.717 ; 6.717 ; 6.717 ;
; a[3]        ; NZ[0]       ; 7.262 ; 7.262 ; 7.262 ; 7.262 ;
; a[3]        ; NZ[1]       ; 6.748 ; 6.748 ; 6.748 ; 6.748 ;
; a[3]        ; y[3]        ; 6.418 ; 6.418 ; 6.418 ; 6.418 ;
; a[3]        ; y[4]        ; 6.119 ; 6.119 ; 6.119 ; 6.119 ;
; a[3]        ; y[5]        ; 6.533 ; 6.533 ; 6.533 ; 6.533 ;
; a[3]        ; y[6]        ; 7.246 ; 7.246 ; 7.246 ; 7.246 ;
; a[3]        ; y[7]        ; 7.020 ; 7.020 ; 7.020 ; 7.020 ;
; a[4]        ; NZ[0]       ; 6.720 ; 6.720 ; 6.720 ; 6.720 ;
; a[4]        ; NZ[1]       ; 6.206 ; 6.206 ; 6.206 ; 6.206 ;
; a[4]        ; y[4]        ; 5.579 ; 5.579 ; 5.579 ; 5.579 ;
; a[4]        ; y[5]        ; 5.991 ; 5.991 ; 5.991 ; 5.991 ;
; a[4]        ; y[6]        ; 6.704 ; 6.704 ; 6.704 ; 6.704 ;
; a[4]        ; y[7]        ; 6.478 ; 6.478 ; 6.478 ; 6.478 ;
; a[5]        ; NZ[0]       ; 6.084 ; 6.084 ; 6.084 ; 6.084 ;
; a[5]        ; NZ[1]       ; 5.554 ; 5.554 ; 5.554 ; 5.554 ;
; a[5]        ; y[5]        ; 5.473 ; 5.473 ; 5.473 ; 5.473 ;
; a[5]        ; y[6]        ; 6.050 ; 6.050 ; 6.050 ; 6.050 ;
; a[5]        ; y[7]        ; 5.826 ; 5.826 ; 5.826 ; 5.826 ;
; a[6]        ; NZ[0]       ; 6.379 ; 6.379 ; 6.379 ; 6.379 ;
; a[6]        ; NZ[1]       ; 5.865 ; 5.865 ; 5.865 ; 5.865 ;
; a[6]        ; y[6]        ; 6.365 ; 6.365 ; 6.365 ; 6.365 ;
; a[6]        ; y[7]        ; 6.137 ; 6.137 ; 6.137 ; 6.137 ;
; a[7]        ; NZ[0]       ; 4.019 ; 4.019 ; 4.019 ; 4.019 ;
; a[7]        ; NZ[1]       ; 3.505 ; 3.505 ; 3.505 ; 3.505 ;
; a[7]        ; y[7]        ; 3.688 ; 3.688 ; 3.688 ; 3.688 ;
; b[0]        ; NZ[0]       ; 7.309 ; 7.309 ; 7.309 ; 7.309 ;
; b[0]        ; NZ[1]       ; 6.795 ; 6.795 ; 6.795 ; 6.795 ;
; b[0]        ; y[0]        ; 5.361 ; 5.361 ; 5.361 ; 5.361 ;
; b[0]        ; y[1]        ; 5.543 ; 5.543 ; 5.543 ; 5.543 ;
; b[0]        ; y[2]        ; 5.748 ; 5.748 ; 5.748 ; 5.748 ;
; b[0]        ; y[3]        ; 6.894 ; 6.894 ; 6.894 ; 6.894 ;
; b[0]        ; y[4]        ; 6.166 ; 6.166 ; 6.166 ; 6.166 ;
; b[0]        ; y[5]        ; 6.580 ; 6.580 ; 6.580 ; 6.580 ;
; b[0]        ; y[6]        ; 7.293 ; 7.293 ; 7.293 ; 7.293 ;
; b[0]        ; y[7]        ; 7.067 ; 7.067 ; 7.067 ; 7.067 ;
; b[1]        ; NZ[0]       ; 7.172 ; 7.172 ; 7.172 ; 7.172 ;
; b[1]        ; NZ[1]       ; 6.658 ; 6.658 ; 6.658 ; 6.658 ;
; b[1]        ; y[1]        ; 5.402 ; 5.402 ; 5.402 ; 5.402 ;
; b[1]        ; y[2]        ; 5.611 ; 5.611 ; 5.611 ; 5.611 ;
; b[1]        ; y[3]        ; 6.757 ; 6.757 ; 6.757 ; 6.757 ;
; b[1]        ; y[4]        ; 6.029 ; 6.029 ; 6.029 ; 6.029 ;
; b[1]        ; y[5]        ; 6.443 ; 6.443 ; 6.443 ; 6.443 ;
; b[1]        ; y[6]        ; 7.156 ; 7.156 ; 7.156 ; 7.156 ;
; b[1]        ; y[7]        ; 6.930 ; 6.930 ; 6.930 ; 6.930 ;
; b[2]        ; NZ[0]       ; 6.950 ; 6.950 ; 6.950 ; 6.950 ;
; b[2]        ; NZ[1]       ; 6.436 ; 6.436 ; 6.436 ; 6.436 ;
; b[2]        ; y[2]        ; 5.472 ; 5.472 ; 5.472 ; 5.472 ;
; b[2]        ; y[3]        ; 6.735 ; 6.735 ; 6.735 ; 6.735 ;
; b[2]        ; y[4]        ; 5.807 ; 5.807 ; 5.807 ; 5.807 ;
; b[2]        ; y[5]        ; 6.221 ; 6.221 ; 6.221 ; 6.221 ;
; b[2]        ; y[6]        ; 6.934 ; 6.934 ; 6.934 ; 6.934 ;
; b[2]        ; y[7]        ; 6.708 ; 6.708 ; 6.708 ; 6.708 ;
; b[3]        ; NZ[0]       ; 7.499 ; 7.499 ; 7.499 ; 7.499 ;
; b[3]        ; NZ[1]       ; 6.985 ; 6.985 ; 6.985 ; 6.985 ;
; b[3]        ; y[3]        ; 6.400 ; 6.400 ; 6.400 ; 6.400 ;
; b[3]        ; y[4]        ; 6.356 ; 6.356 ; 6.356 ; 6.356 ;
; b[3]        ; y[5]        ; 6.770 ; 6.770 ; 6.770 ; 6.770 ;
; b[3]        ; y[6]        ; 7.483 ; 7.483 ; 7.483 ; 7.483 ;
; b[3]        ; y[7]        ; 7.257 ; 7.257 ; 7.257 ; 7.257 ;
; b[4]        ; NZ[0]       ; 6.714 ; 6.714 ; 6.714 ; 6.714 ;
; b[4]        ; NZ[1]       ; 6.200 ; 6.200 ; 6.200 ; 6.200 ;
; b[4]        ; y[4]        ; 5.574 ; 5.574 ; 5.574 ; 5.574 ;
; b[4]        ; y[5]        ; 5.985 ; 5.985 ; 5.985 ; 5.985 ;
; b[4]        ; y[6]        ; 6.698 ; 6.698 ; 6.698 ; 6.698 ;
; b[4]        ; y[7]        ; 6.472 ; 6.472 ; 6.472 ; 6.472 ;
; b[5]        ; NZ[0]       ; 6.190 ; 6.190 ; 6.190 ; 6.190 ;
; b[5]        ; NZ[1]       ; 5.676 ; 5.676 ; 5.676 ; 5.676 ;
; b[5]        ; y[5]        ; 5.333 ; 5.333 ; 5.333 ; 5.333 ;
; b[5]        ; y[6]        ; 6.171 ; 6.171 ; 6.171 ; 6.171 ;
; b[5]        ; y[7]        ; 5.948 ; 5.948 ; 5.948 ; 5.948 ;
; b[6]        ; NZ[0]       ; 6.541 ; 6.541 ; 6.541 ; 6.541 ;
; b[6]        ; NZ[1]       ; 6.027 ; 6.027 ; 6.027 ; 6.027 ;
; b[6]        ; y[6]        ; 6.526 ; 6.526 ; 6.526 ; 6.526 ;
; b[6]        ; y[7]        ; 6.299 ; 6.299 ; 6.299 ; 6.299 ;
; b[7]        ; NZ[0]       ; 4.120 ; 4.120 ; 4.120 ; 4.120 ;
; b[7]        ; NZ[1]       ; 3.606 ; 3.606 ; 3.606 ; 3.606 ;
; b[7]        ; y[7]        ; 3.457 ; 3.457 ; 3.457 ; 3.457 ;
; operacao[0] ; y[0]        ; 5.422 ; 5.422 ; 5.422 ; 5.422 ;
; operacao[0] ; y[1]        ; 5.667 ; 5.667 ; 5.667 ; 5.667 ;
; operacao[0] ; y[2]        ; 5.597 ; 5.597 ; 5.597 ; 5.597 ;
; operacao[0] ; y[3]        ; 5.997 ; 5.997 ; 5.997 ; 5.997 ;
; operacao[0] ; y[4]        ; 5.678 ; 5.678 ; 5.678 ; 5.678 ;
; operacao[0] ; y[5]        ; 5.584 ; 5.584 ; 5.584 ; 5.584 ;
; operacao[0] ; y[6]        ; 6.000 ; 6.000 ; 6.000 ; 6.000 ;
; operacao[0] ; y[7]        ; 5.708 ; 5.708 ; 5.708 ; 5.708 ;
; operacao[1] ; y[0]        ; 5.502 ; 5.502 ; 5.502 ; 5.502 ;
; operacao[1] ; y[1]        ; 5.749 ; 5.749 ; 5.749 ; 5.749 ;
; operacao[1] ; y[2]        ; 5.676 ; 5.676 ; 5.676 ; 5.676 ;
; operacao[1] ; y[3]        ; 6.041 ; 6.041 ; 6.041 ; 6.041 ;
; operacao[1] ; y[4]        ; 5.608 ; 5.608 ; 5.608 ; 5.608 ;
; operacao[1] ; y[5]        ; 5.665 ; 5.665 ; 5.665 ; 5.665 ;
; operacao[1] ; y[6]        ; 6.083 ; 6.083 ; 6.083 ; 6.083 ;
; operacao[1] ; y[7]        ; 5.785 ; 5.785 ; 5.785 ; 5.785 ;
; operacao[2] ; y[0]        ; 5.276 ; 5.276 ; 5.276 ; 5.276 ;
; operacao[2] ; y[1]        ; 5.628 ; 5.628 ; 5.628 ; 5.628 ;
; operacao[2] ; y[2]        ; 5.613 ; 5.613 ; 5.613 ; 5.613 ;
; operacao[2] ; y[3]        ; 5.512 ; 5.512 ; 5.512 ; 5.512 ;
; operacao[2] ; y[4]        ; 5.772 ; 5.772 ; 5.772 ; 5.772 ;
; operacao[2] ; y[5]        ; 5.420 ; 5.420 ; 5.420 ; 5.420 ;
; operacao[2] ; y[6]        ; 5.306 ; 5.306 ; 5.306 ; 5.306 ;
; operacao[2] ; y[7]        ; 5.467 ; 5.467 ; 5.467 ; 5.467 ;
+-------------+-------------+-------+-------+-------+-------+


+-----------------------------------------------------------+
; Minimum Propagation Delay                                 ;
+-------------+-------------+-------+-------+-------+-------+
; Input Port  ; Output Port ; RR    ; RF    ; FR    ; FF    ;
+-------------+-------------+-------+-------+-------+-------+
; a[0]        ; NZ[0]       ; 5.752 ; 5.752 ; 5.752 ; 5.752 ;
; a[0]        ; NZ[1]       ; 6.663 ; 6.663 ; 6.663 ; 6.663 ;
; a[0]        ; y[0]        ; 5.233 ; 5.233 ; 5.233 ; 5.233 ;
; a[0]        ; y[1]        ; 5.410 ; 5.410 ; 5.410 ; 5.410 ;
; a[0]        ; y[2]        ; 5.616 ; 5.616 ; 5.616 ; 5.616 ;
; a[0]        ; y[3]        ; 6.762 ; 6.762 ; 6.762 ; 6.762 ;
; a[0]        ; y[4]        ; 6.034 ; 6.034 ; 6.034 ; 6.034 ;
; a[0]        ; y[5]        ; 6.448 ; 6.448 ; 6.448 ; 6.448 ;
; a[0]        ; y[6]        ; 7.161 ; 7.161 ; 7.161 ; 7.161 ;
; a[0]        ; y[7]        ; 6.935 ; 6.935 ; 6.935 ; 6.935 ;
; a[1]        ; NZ[0]       ; 6.071 ; 6.071 ; 6.071 ; 6.071 ;
; a[1]        ; NZ[1]       ; 6.682 ; 6.682 ; 6.682 ; 6.682 ;
; a[1]        ; y[1]        ; 5.070 ; 5.429 ; 5.429 ; 5.070 ;
; a[1]        ; y[2]        ; 5.635 ; 5.635 ; 5.635 ; 5.635 ;
; a[1]        ; y[3]        ; 6.781 ; 6.781 ; 6.781 ; 6.781 ;
; a[1]        ; y[4]        ; 6.053 ; 6.053 ; 6.053 ; 6.053 ;
; a[1]        ; y[5]        ; 6.467 ; 6.467 ; 6.467 ; 6.467 ;
; a[1]        ; y[6]        ; 7.180 ; 7.180 ; 7.180 ; 7.180 ;
; a[1]        ; y[7]        ; 6.954 ; 6.954 ; 6.954 ; 6.954 ;
; a[2]        ; NZ[0]       ; 6.129 ; 6.129 ; 6.129 ; 6.129 ;
; a[2]        ; NZ[1]       ; 6.445 ; 6.445 ; 6.445 ; 6.445 ;
; a[2]        ; y[2]        ; 5.188 ; 5.548 ; 5.548 ; 5.188 ;
; a[2]        ; y[3]        ; 6.684 ; 6.684 ; 6.684 ; 6.684 ;
; a[2]        ; y[4]        ; 5.816 ; 5.816 ; 5.816 ; 5.816 ;
; a[2]        ; y[5]        ; 6.230 ; 6.230 ; 6.230 ; 6.230 ;
; a[2]        ; y[6]        ; 6.943 ; 6.943 ; 6.943 ; 6.943 ;
; a[2]        ; y[7]        ; 6.717 ; 6.717 ; 6.717 ; 6.717 ;
; a[3]        ; NZ[0]       ; 6.033 ; 6.033 ; 6.033 ; 6.033 ;
; a[3]        ; NZ[1]       ; 6.349 ; 6.349 ; 6.349 ; 6.349 ;
; a[3]        ; y[3]        ; 5.506 ; 6.046 ; 6.046 ; 5.506 ;
; a[3]        ; y[4]        ; 5.720 ; 5.720 ; 5.720 ; 5.720 ;
; a[3]        ; y[5]        ; 6.134 ; 6.134 ; 6.134 ; 6.134 ;
; a[3]        ; y[6]        ; 6.847 ; 6.847 ; 6.847 ; 6.847 ;
; a[3]        ; y[7]        ; 6.621 ; 6.621 ; 6.621 ; 6.621 ;
; a[4]        ; NZ[0]       ; 5.892 ; 5.892 ; 5.892 ; 5.892 ;
; a[4]        ; NZ[1]       ; 6.206 ; 6.206 ; 6.206 ; 6.206 ;
; a[4]        ; y[4]        ; 5.481 ; 5.579 ; 5.579 ; 5.481 ;
; a[4]        ; y[5]        ; 5.991 ; 5.991 ; 5.991 ; 5.991 ;
; a[4]        ; y[6]        ; 6.704 ; 6.704 ; 6.704 ; 6.704 ;
; a[4]        ; y[7]        ; 6.478 ; 6.478 ; 6.478 ; 6.478 ;
; a[5]        ; NZ[0]       ; 5.530 ; 5.530 ; 5.530 ; 5.530 ;
; a[5]        ; NZ[1]       ; 5.554 ; 5.554 ; 5.554 ; 5.554 ;
; a[5]        ; y[5]        ; 5.050 ; 5.473 ; 5.473 ; 5.050 ;
; a[5]        ; y[6]        ; 6.050 ; 6.050 ; 6.050 ; 6.050 ;
; a[5]        ; y[7]        ; 5.826 ; 5.826 ; 5.826 ; 5.826 ;
; a[6]        ; NZ[0]       ; 5.845 ; 5.845 ; 5.845 ; 5.845 ;
; a[6]        ; NZ[1]       ; 5.444 ; 5.444 ; 5.444 ; 5.444 ;
; a[6]        ; y[6]        ; 5.461 ; 5.915 ; 5.915 ; 5.461 ;
; a[6]        ; y[7]        ; 5.623 ; 5.623 ; 5.623 ; 5.623 ;
; a[7]        ; NZ[0]       ; 4.019 ; 4.019 ; 4.019 ; 4.019 ;
; a[7]        ; NZ[1]       ; 3.505 ; 3.505 ; 3.505 ; 3.505 ;
; a[7]        ; y[7]        ; 3.671 ; 3.671 ; 3.671 ; 3.671 ;
; b[0]        ; NZ[0]       ; 5.885 ; 5.885 ; 5.885 ; 5.885 ;
; b[0]        ; NZ[1]       ; 6.795 ; 6.795 ; 6.795 ; 6.795 ;
; b[0]        ; y[0]        ; 5.078 ; 5.361 ; 5.361 ; 5.078 ;
; b[0]        ; y[1]        ; 5.543 ; 5.543 ; 5.543 ; 5.543 ;
; b[0]        ; y[2]        ; 5.748 ; 5.748 ; 5.748 ; 5.748 ;
; b[0]        ; y[3]        ; 6.894 ; 6.894 ; 6.894 ; 6.894 ;
; b[0]        ; y[4]        ; 6.166 ; 6.166 ; 6.166 ; 6.166 ;
; b[0]        ; y[5]        ; 6.580 ; 6.580 ; 6.580 ; 6.580 ;
; b[0]        ; y[6]        ; 7.293 ; 7.293 ; 7.293 ; 7.293 ;
; b[0]        ; y[7]        ; 7.067 ; 7.067 ; 7.067 ; 7.067 ;
; b[1]        ; NZ[0]       ; 6.044 ; 6.044 ; 6.044 ; 6.044 ;
; b[1]        ; NZ[1]       ; 6.658 ; 6.658 ; 6.658 ; 6.658 ;
; b[1]        ; y[1]        ; 5.383 ; 5.383 ; 5.383 ; 5.383 ;
; b[1]        ; y[2]        ; 5.611 ; 5.611 ; 5.611 ; 5.611 ;
; b[1]        ; y[3]        ; 6.757 ; 6.757 ; 6.757 ; 6.757 ;
; b[1]        ; y[4]        ; 6.029 ; 6.029 ; 6.029 ; 6.029 ;
; b[1]        ; y[5]        ; 6.443 ; 6.443 ; 6.443 ; 6.443 ;
; b[1]        ; y[6]        ; 7.156 ; 7.156 ; 7.156 ; 7.156 ;
; b[1]        ; y[7]        ; 6.930 ; 6.930 ; 6.930 ; 6.930 ;
; b[2]        ; NZ[0]       ; 6.111 ; 6.111 ; 6.111 ; 6.111 ;
; b[2]        ; NZ[1]       ; 6.436 ; 6.436 ; 6.436 ; 6.436 ;
; b[2]        ; y[2]        ; 5.339 ; 5.339 ; 5.339 ; 5.339 ;
; b[2]        ; y[3]        ; 6.735 ; 6.735 ; 6.735 ; 6.735 ;
; b[2]        ; y[4]        ; 5.807 ; 5.807 ; 5.807 ; 5.807 ;
; b[2]        ; y[5]        ; 6.221 ; 6.221 ; 6.221 ; 6.221 ;
; b[2]        ; y[6]        ; 6.934 ; 6.934 ; 6.934 ; 6.934 ;
; b[2]        ; y[7]        ; 6.708 ; 6.708 ; 6.708 ; 6.708 ;
; b[3]        ; NZ[0]       ; 6.035 ; 6.035 ; 6.035 ; 6.035 ;
; b[3]        ; NZ[1]       ; 6.613 ; 6.613 ; 6.613 ; 6.613 ;
; b[3]        ; y[3]        ; 5.446 ; 5.731 ; 5.731 ; 5.446 ;
; b[3]        ; y[4]        ; 5.984 ; 5.984 ; 5.984 ; 5.984 ;
; b[3]        ; y[5]        ; 6.398 ; 6.398 ; 6.398 ; 6.398 ;
; b[3]        ; y[6]        ; 7.111 ; 7.111 ; 7.111 ; 7.111 ;
; b[3]        ; y[7]        ; 6.885 ; 6.885 ; 6.885 ; 6.885 ;
; b[4]        ; NZ[0]       ; 5.887 ; 5.887 ; 5.887 ; 5.887 ;
; b[4]        ; NZ[1]       ; 6.200 ; 6.200 ; 6.200 ; 6.200 ;
; b[4]        ; y[4]        ; 5.442 ; 5.442 ; 5.442 ; 5.442 ;
; b[4]        ; y[5]        ; 5.985 ; 5.985 ; 5.985 ; 5.985 ;
; b[4]        ; y[6]        ; 6.698 ; 6.698 ; 6.698 ; 6.698 ;
; b[4]        ; y[7]        ; 6.472 ; 6.472 ; 6.472 ; 6.472 ;
; b[5]        ; NZ[0]       ; 5.651 ; 5.651 ; 5.651 ; 5.651 ;
; b[5]        ; NZ[1]       ; 5.676 ; 5.676 ; 5.676 ; 5.676 ;
; b[5]        ; y[5]        ; 5.260 ; 5.260 ; 5.260 ; 5.260 ;
; b[5]        ; y[6]        ; 6.171 ; 6.171 ; 6.171 ; 6.171 ;
; b[5]        ; y[7]        ; 5.948 ; 5.948 ; 5.948 ; 5.948 ;
; b[6]        ; NZ[0]       ; 6.006 ; 6.006 ; 6.006 ; 6.006 ;
; b[6]        ; NZ[1]       ; 5.634 ; 5.634 ; 5.634 ; 5.634 ;
; b[6]        ; y[6]        ; 5.173 ; 5.623 ; 5.623 ; 5.173 ;
; b[6]        ; y[7]        ; 5.851 ; 5.851 ; 5.851 ; 5.851 ;
; b[7]        ; NZ[0]       ; 4.120 ; 4.120 ; 4.120 ; 4.120 ;
; b[7]        ; NZ[1]       ; 3.606 ; 3.606 ; 3.606 ; 3.606 ;
; b[7]        ; y[7]        ; 3.457 ; 3.457 ; 3.457 ; 3.457 ;
; operacao[0] ; y[0]        ; 5.174 ; 5.174 ; 5.174 ; 5.174 ;
; operacao[0] ; y[1]        ; 5.298 ; 5.298 ; 5.298 ; 5.298 ;
; operacao[0] ; y[2]        ; 5.318 ; 5.318 ; 5.318 ; 5.318 ;
; operacao[0] ; y[3]        ; 5.387 ; 5.387 ; 5.387 ; 5.387 ;
; operacao[0] ; y[4]        ; 5.365 ; 5.365 ; 5.365 ; 5.365 ;
; operacao[0] ; y[5]        ; 5.318 ; 5.318 ; 5.318 ; 5.318 ;
; operacao[0] ; y[6]        ; 5.204 ; 5.204 ; 5.204 ; 5.204 ;
; operacao[0] ; y[7]        ; 5.365 ; 5.365 ; 5.365 ; 5.365 ;
; operacao[1] ; y[0]        ; 5.069 ; 5.069 ; 5.069 ; 5.069 ;
; operacao[1] ; y[1]        ; 5.193 ; 5.193 ; 5.193 ; 5.193 ;
; operacao[1] ; y[2]        ; 5.213 ; 5.213 ; 5.213 ; 5.213 ;
; operacao[1] ; y[3]        ; 5.282 ; 5.282 ; 5.282 ; 5.282 ;
; operacao[1] ; y[4]        ; 5.260 ; 5.260 ; 5.260 ; 5.260 ;
; operacao[1] ; y[5]        ; 5.213 ; 5.213 ; 5.213 ; 5.213 ;
; operacao[1] ; y[6]        ; 5.099 ; 5.099 ; 5.099 ; 5.099 ;
; operacao[1] ; y[7]        ; 5.260 ; 5.260 ; 5.260 ; 5.260 ;
; operacao[2] ; y[0]        ; 5.240 ; 5.240 ; 5.240 ; 5.240 ;
; operacao[2] ; y[1]        ; 5.400 ; 5.400 ; 5.400 ; 5.400 ;
; operacao[2] ; y[2]        ; 5.420 ; 5.420 ; 5.420 ; 5.420 ;
; operacao[2] ; y[3]        ; 5.489 ; 5.489 ; 5.489 ; 5.489 ;
; operacao[2] ; y[4]        ; 5.467 ; 5.467 ; 5.467 ; 5.467 ;
; operacao[2] ; y[5]        ; 5.311 ; 5.311 ; 5.311 ; 5.311 ;
; operacao[2] ; y[6]        ; 5.211 ; 5.211 ; 5.211 ; 5.211 ;
; operacao[2] ; y[7]        ; 5.200 ; 5.200 ; 5.200 ; 5.200 ;
+-------------+-------------+-------+-------+-------+-------+


+----------------------------------------------------------------------------+
; Multicorner Timing Analysis Summary                                        ;
+------------------+-------+------+----------+---------+---------------------+
; Clock            ; Setup ; Hold ; Recovery ; Removal ; Minimum Pulse Width ;
+------------------+-------+------+----------+---------+---------------------+
; Worst-case Slack ; N/A   ; N/A  ; N/A      ; N/A     ; N/A                 ;
; Design-wide TNS  ; 0.0   ; 0.0  ; 0.0      ; 0.0     ; 0.0                 ;
+------------------+-------+------+----------+---------+---------------------+


+---------------------------------------------------------------+
; Progagation Delay                                             ;
+-------------+-------------+--------+--------+--------+--------+
; Input Port  ; Output Port ; RR     ; RF     ; FR     ; FF     ;
+-------------+-------------+--------+--------+--------+--------+
; a[0]        ; NZ[0]       ; 13.767 ; 13.767 ; 13.767 ; 13.767 ;
; a[0]        ; NZ[1]       ; 12.595 ; 12.595 ; 12.595 ; 12.595 ;
; a[0]        ; y[0]        ; 9.461  ; 9.461  ; 9.461  ; 9.461  ;
; a[0]        ; y[1]        ; 9.760  ; 9.760  ; 9.760  ; 9.760  ;
; a[0]        ; y[2]        ; 10.330 ; 10.330 ; 10.330 ; 10.330 ;
; a[0]        ; y[3]        ; 12.868 ; 12.868 ; 12.868 ; 12.868 ;
; a[0]        ; y[4]        ; 11.183 ; 11.183 ; 11.183 ; 11.183 ;
; a[0]        ; y[5]        ; 12.280 ; 12.280 ; 12.280 ; 12.280 ;
; a[0]        ; y[6]        ; 13.954 ; 13.954 ; 13.954 ; 13.954 ;
; a[0]        ; y[7]        ; 13.272 ; 13.272 ; 13.272 ; 13.272 ;
; a[1]        ; NZ[0]       ; 13.814 ; 13.814 ; 13.814 ; 13.814 ;
; a[1]        ; NZ[1]       ; 12.642 ; 12.642 ; 12.642 ; 12.642 ;
; a[1]        ; y[1]        ; 9.807  ; 9.807  ; 9.807  ; 9.807  ;
; a[1]        ; y[2]        ; 10.377 ; 10.377 ; 10.377 ; 10.377 ;
; a[1]        ; y[3]        ; 12.915 ; 12.915 ; 12.915 ; 12.915 ;
; a[1]        ; y[4]        ; 11.230 ; 11.230 ; 11.230 ; 11.230 ;
; a[1]        ; y[5]        ; 12.327 ; 12.327 ; 12.327 ; 12.327 ;
; a[1]        ; y[6]        ; 14.001 ; 14.001 ; 14.001 ; 14.001 ;
; a[1]        ; y[7]        ; 13.319 ; 13.319 ; 13.319 ; 13.319 ;
; a[2]        ; NZ[0]       ; 13.229 ; 13.229 ; 13.229 ; 13.229 ;
; a[2]        ; NZ[1]       ; 12.057 ; 12.057 ; 12.057 ; 12.057 ;
; a[2]        ; y[2]        ; 10.111 ; 10.111 ; 10.111 ; 10.111 ;
; a[2]        ; y[3]        ; 12.639 ; 12.639 ; 12.639 ; 12.639 ;
; a[2]        ; y[4]        ; 10.645 ; 10.645 ; 10.645 ; 10.645 ;
; a[2]        ; y[5]        ; 11.742 ; 11.742 ; 11.742 ; 11.742 ;
; a[2]        ; y[6]        ; 13.416 ; 13.416 ; 13.416 ; 13.416 ;
; a[2]        ; y[7]        ; 12.734 ; 12.734 ; 12.734 ; 12.734 ;
; a[3]        ; NZ[0]       ; 13.909 ; 13.909 ; 13.909 ; 13.909 ;
; a[3]        ; NZ[1]       ; 12.737 ; 12.737 ; 12.737 ; 12.737 ;
; a[3]        ; y[3]        ; 12.004 ; 12.004 ; 12.004 ; 12.004 ;
; a[3]        ; y[4]        ; 11.325 ; 11.325 ; 11.325 ; 11.325 ;
; a[3]        ; y[5]        ; 12.422 ; 12.422 ; 12.422 ; 12.422 ;
; a[3]        ; y[6]        ; 14.096 ; 14.096 ; 14.096 ; 14.096 ;
; a[3]        ; y[7]        ; 13.414 ; 13.414 ; 13.414 ; 13.414 ;
; a[4]        ; NZ[0]       ; 12.649 ; 12.649 ; 12.649 ; 12.649 ;
; a[4]        ; NZ[1]       ; 11.477 ; 11.477 ; 11.477 ; 11.477 ;
; a[4]        ; y[4]        ; 10.064 ; 10.064 ; 10.064 ; 10.064 ;
; a[4]        ; y[5]        ; 11.162 ; 11.162 ; 11.162 ; 11.162 ;
; a[4]        ; y[6]        ; 12.836 ; 12.836 ; 12.836 ; 12.836 ;
; a[4]        ; y[7]        ; 12.154 ; 12.154 ; 12.154 ; 12.154 ;
; a[5]        ; NZ[0]       ; 11.180 ; 11.180 ; 11.180 ; 11.180 ;
; a[5]        ; NZ[1]       ; 9.928  ; 9.928  ; 9.928  ; 9.928  ;
; a[5]        ; y[5]        ; 9.926  ; 9.926  ; 9.926  ; 9.926  ;
; a[5]        ; y[6]        ; 11.283 ; 11.283 ; 11.283 ; 11.283 ;
; a[5]        ; y[7]        ; 10.605 ; 10.605 ; 10.605 ; 10.605 ;
; a[6]        ; NZ[0]       ; 11.811 ; 11.811 ; 11.811 ; 11.811 ;
; a[6]        ; NZ[1]       ; 10.639 ; 10.639 ; 10.639 ; 10.639 ;
; a[6]        ; y[6]        ; 12.012 ; 12.012 ; 12.012 ; 12.012 ;
; a[6]        ; y[7]        ; 11.316 ; 11.316 ; 11.316 ; 11.316 ;
; a[7]        ; NZ[0]       ; 7.912  ; 7.912  ; 7.912  ; 7.912  ;
; a[7]        ; NZ[1]       ; 6.740  ; 6.740  ; 6.740  ; 6.740  ;
; a[7]        ; y[7]        ; 7.201  ; 7.201  ; 7.201  ; 7.201  ;
; b[0]        ; NZ[0]       ; 13.996 ; 13.996 ; 13.996 ; 13.996 ;
; b[0]        ; NZ[1]       ; 12.824 ; 12.824 ; 12.824 ; 12.824 ;
; b[0]        ; y[0]        ; 9.688  ; 9.688  ; 9.688  ; 9.688  ;
; b[0]        ; y[1]        ; 9.989  ; 9.989  ; 9.989  ; 9.989  ;
; b[0]        ; y[2]        ; 10.559 ; 10.559 ; 10.559 ; 10.559 ;
; b[0]        ; y[3]        ; 13.097 ; 13.097 ; 13.097 ; 13.097 ;
; b[0]        ; y[4]        ; 11.412 ; 11.412 ; 11.412 ; 11.412 ;
; b[0]        ; y[5]        ; 12.509 ; 12.509 ; 12.509 ; 12.509 ;
; b[0]        ; y[6]        ; 14.183 ; 14.183 ; 14.183 ; 14.183 ;
; b[0]        ; y[7]        ; 13.501 ; 13.501 ; 13.501 ; 13.501 ;
; b[1]        ; NZ[0]       ; 13.727 ; 13.727 ; 13.727 ; 13.727 ;
; b[1]        ; NZ[1]       ; 12.555 ; 12.555 ; 12.555 ; 12.555 ;
; b[1]        ; y[1]        ; 9.726  ; 9.726  ; 9.726  ; 9.726  ;
; b[1]        ; y[2]        ; 10.290 ; 10.290 ; 10.290 ; 10.290 ;
; b[1]        ; y[3]        ; 12.828 ; 12.828 ; 12.828 ; 12.828 ;
; b[1]        ; y[4]        ; 11.143 ; 11.143 ; 11.143 ; 11.143 ;
; b[1]        ; y[5]        ; 12.240 ; 12.240 ; 12.240 ; 12.240 ;
; b[1]        ; y[6]        ; 13.914 ; 13.914 ; 13.914 ; 13.914 ;
; b[1]        ; y[7]        ; 13.232 ; 13.232 ; 13.232 ; 13.232 ;
; b[2]        ; NZ[0]       ; 13.142 ; 13.142 ; 13.142 ; 13.142 ;
; b[2]        ; NZ[1]       ; 11.970 ; 11.970 ; 11.970 ; 11.970 ;
; b[2]        ; y[2]        ; 9.904  ; 9.904  ; 9.904  ; 9.904  ;
; b[2]        ; y[3]        ; 12.714 ; 12.714 ; 12.714 ; 12.714 ;
; b[2]        ; y[4]        ; 10.558 ; 10.558 ; 10.558 ; 10.558 ;
; b[2]        ; y[5]        ; 11.655 ; 11.655 ; 11.655 ; 11.655 ;
; b[2]        ; y[6]        ; 13.329 ; 13.329 ; 13.329 ; 13.329 ;
; b[2]        ; y[7]        ; 12.647 ; 12.647 ; 12.647 ; 12.647 ;
; b[3]        ; NZ[0]       ; 14.369 ; 14.369 ; 14.369 ; 14.369 ;
; b[3]        ; NZ[1]       ; 13.197 ; 13.197 ; 13.197 ; 13.197 ;
; b[3]        ; y[3]        ; 11.898 ; 11.898 ; 11.898 ; 11.898 ;
; b[3]        ; y[4]        ; 11.785 ; 11.785 ; 11.785 ; 11.785 ;
; b[3]        ; y[5]        ; 12.882 ; 12.882 ; 12.882 ; 12.882 ;
; b[3]        ; y[6]        ; 14.556 ; 14.556 ; 14.556 ; 14.556 ;
; b[3]        ; y[7]        ; 13.874 ; 13.874 ; 13.874 ; 13.874 ;
; b[4]        ; NZ[0]       ; 12.664 ; 12.664 ; 12.664 ; 12.664 ;
; b[4]        ; NZ[1]       ; 11.492 ; 11.492 ; 11.492 ; 11.492 ;
; b[4]        ; y[4]        ; 10.074 ; 10.074 ; 10.074 ; 10.074 ;
; b[4]        ; y[5]        ; 11.177 ; 11.177 ; 11.177 ; 11.177 ;
; b[4]        ; y[6]        ; 12.851 ; 12.851 ; 12.851 ; 12.851 ;
; b[4]        ; y[7]        ; 12.169 ; 12.169 ; 12.169 ; 12.169 ;
; b[5]        ; NZ[0]       ; 11.370 ; 11.370 ; 11.370 ; 11.370 ;
; b[5]        ; NZ[1]       ; 10.198 ; 10.198 ; 10.198 ; 10.198 ;
; b[5]        ; y[5]        ; 9.602  ; 9.602  ; 9.602  ; 9.602  ;
; b[5]        ; y[6]        ; 11.557 ; 11.557 ; 11.557 ; 11.557 ;
; b[5]        ; y[7]        ; 10.875 ; 10.875 ; 10.875 ; 10.875 ;
; b[6]        ; NZ[0]       ; 12.180 ; 12.180 ; 12.180 ; 12.180 ;
; b[6]        ; NZ[1]       ; 11.008 ; 11.008 ; 11.008 ; 11.008 ;
; b[6]        ; y[6]        ; 12.408 ; 12.408 ; 12.408 ; 12.408 ;
; b[6]        ; y[7]        ; 11.685 ; 11.685 ; 11.685 ; 11.685 ;
; b[7]        ; NZ[0]       ; 8.139  ; 8.139  ; 8.139  ; 8.139  ;
; b[7]        ; NZ[1]       ; 6.967  ; 6.967  ; 6.967  ; 6.967  ;
; b[7]        ; y[7]        ; 6.637  ; 6.637  ; 6.637  ; 6.637  ;
; operacao[0] ; y[0]        ; 9.892  ; 9.892  ; 9.892  ; 9.892  ;
; operacao[0] ; y[1]        ; 10.346 ; 10.346 ; 10.346 ; 10.346 ;
; operacao[0] ; y[2]        ; 10.248 ; 10.248 ; 10.248 ; 10.248 ;
; operacao[0] ; y[3]        ; 11.044 ; 11.044 ; 11.044 ; 11.044 ;
; operacao[0] ; y[4]        ; 10.289 ; 10.289 ; 10.289 ; 10.289 ;
; operacao[0] ; y[5]        ; 10.216 ; 10.216 ; 10.216 ; 10.216 ;
; operacao[0] ; y[6]        ; 11.195 ; 11.195 ; 11.195 ; 11.195 ;
; operacao[0] ; y[7]        ; 10.363 ; 10.363 ; 10.363 ; 10.363 ;
; operacao[1] ; y[0]        ; 10.065 ; 10.065 ; 10.065 ; 10.065 ;
; operacao[1] ; y[1]        ; 10.523 ; 10.523 ; 10.523 ; 10.523 ;
; operacao[1] ; y[2]        ; 10.423 ; 10.423 ; 10.423 ; 10.423 ;
; operacao[1] ; y[3]        ; 11.148 ; 11.148 ; 11.148 ; 11.148 ;
; operacao[1] ; y[4]        ; 10.147 ; 10.147 ; 10.147 ; 10.147 ;
; operacao[1] ; y[5]        ; 10.389 ; 10.389 ; 10.389 ; 10.389 ;
; operacao[1] ; y[6]        ; 11.371 ; 11.371 ; 11.371 ; 11.371 ;
; operacao[1] ; y[7]        ; 10.531 ; 10.531 ; 10.531 ; 10.531 ;
; operacao[2] ; y[0]        ; 9.563  ; 9.563  ; 9.563  ; 9.563  ;
; operacao[2] ; y[1]        ; 10.188 ; 10.188 ; 10.188 ; 10.188 ;
; operacao[2] ; y[2]        ; 10.240 ; 10.240 ; 10.240 ; 10.240 ;
; operacao[2] ; y[3]        ; 9.814  ; 9.814  ; 9.814  ; 9.814  ;
; operacao[2] ; y[4]        ; 10.464 ; 10.464 ; 10.464 ; 10.464 ;
; operacao[2] ; y[5]        ; 9.857  ; 9.857  ; 9.857  ; 9.857  ;
; operacao[2] ; y[6]        ; 9.593  ; 9.593  ; 9.593  ; 9.593  ;
; operacao[2] ; y[7]        ; 9.776  ; 9.776  ; 9.776  ; 9.776  ;
+-------------+-------------+--------+--------+--------+--------+


+-----------------------------------------------------------+
; Minimum Progagation Delay                                 ;
+-------------+-------------+-------+-------+-------+-------+
; Input Port  ; Output Port ; RR    ; RF    ; FR    ; FF    ;
+-------------+-------------+-------+-------+-------+-------+
; a[0]        ; NZ[0]       ; 5.752 ; 5.752 ; 5.752 ; 5.752 ;
; a[0]        ; NZ[1]       ; 6.663 ; 6.663 ; 6.663 ; 6.663 ;
; a[0]        ; y[0]        ; 5.233 ; 5.233 ; 5.233 ; 5.233 ;
; a[0]        ; y[1]        ; 5.410 ; 5.410 ; 5.410 ; 5.410 ;
; a[0]        ; y[2]        ; 5.616 ; 5.616 ; 5.616 ; 5.616 ;
; a[0]        ; y[3]        ; 6.762 ; 6.762 ; 6.762 ; 6.762 ;
; a[0]        ; y[4]        ; 6.034 ; 6.034 ; 6.034 ; 6.034 ;
; a[0]        ; y[5]        ; 6.448 ; 6.448 ; 6.448 ; 6.448 ;
; a[0]        ; y[6]        ; 7.161 ; 7.161 ; 7.161 ; 7.161 ;
; a[0]        ; y[7]        ; 6.935 ; 6.935 ; 6.935 ; 6.935 ;
; a[1]        ; NZ[0]       ; 6.071 ; 6.071 ; 6.071 ; 6.071 ;
; a[1]        ; NZ[1]       ; 6.682 ; 6.682 ; 6.682 ; 6.682 ;
; a[1]        ; y[1]        ; 5.070 ; 5.429 ; 5.429 ; 5.070 ;
; a[1]        ; y[2]        ; 5.635 ; 5.635 ; 5.635 ; 5.635 ;
; a[1]        ; y[3]        ; 6.781 ; 6.781 ; 6.781 ; 6.781 ;
; a[1]        ; y[4]        ; 6.053 ; 6.053 ; 6.053 ; 6.053 ;
; a[1]        ; y[5]        ; 6.467 ; 6.467 ; 6.467 ; 6.467 ;
; a[1]        ; y[6]        ; 7.180 ; 7.180 ; 7.180 ; 7.180 ;
; a[1]        ; y[7]        ; 6.954 ; 6.954 ; 6.954 ; 6.954 ;
; a[2]        ; NZ[0]       ; 6.129 ; 6.129 ; 6.129 ; 6.129 ;
; a[2]        ; NZ[1]       ; 6.445 ; 6.445 ; 6.445 ; 6.445 ;
; a[2]        ; y[2]        ; 5.188 ; 5.548 ; 5.548 ; 5.188 ;
; a[2]        ; y[3]        ; 6.684 ; 6.684 ; 6.684 ; 6.684 ;
; a[2]        ; y[4]        ; 5.816 ; 5.816 ; 5.816 ; 5.816 ;
; a[2]        ; y[5]        ; 6.230 ; 6.230 ; 6.230 ; 6.230 ;
; a[2]        ; y[6]        ; 6.943 ; 6.943 ; 6.943 ; 6.943 ;
; a[2]        ; y[7]        ; 6.717 ; 6.717 ; 6.717 ; 6.717 ;
; a[3]        ; NZ[0]       ; 6.033 ; 6.033 ; 6.033 ; 6.033 ;
; a[3]        ; NZ[1]       ; 6.349 ; 6.349 ; 6.349 ; 6.349 ;
; a[3]        ; y[3]        ; 5.506 ; 6.046 ; 6.046 ; 5.506 ;
; a[3]        ; y[4]        ; 5.720 ; 5.720 ; 5.720 ; 5.720 ;
; a[3]        ; y[5]        ; 6.134 ; 6.134 ; 6.134 ; 6.134 ;
; a[3]        ; y[6]        ; 6.847 ; 6.847 ; 6.847 ; 6.847 ;
; a[3]        ; y[7]        ; 6.621 ; 6.621 ; 6.621 ; 6.621 ;
; a[4]        ; NZ[0]       ; 5.892 ; 5.892 ; 5.892 ; 5.892 ;
; a[4]        ; NZ[1]       ; 6.206 ; 6.206 ; 6.206 ; 6.206 ;
; a[4]        ; y[4]        ; 5.481 ; 5.579 ; 5.579 ; 5.481 ;
; a[4]        ; y[5]        ; 5.991 ; 5.991 ; 5.991 ; 5.991 ;
; a[4]        ; y[6]        ; 6.704 ; 6.704 ; 6.704 ; 6.704 ;
; a[4]        ; y[7]        ; 6.478 ; 6.478 ; 6.478 ; 6.478 ;
; a[5]        ; NZ[0]       ; 5.530 ; 5.530 ; 5.530 ; 5.530 ;
; a[5]        ; NZ[1]       ; 5.554 ; 5.554 ; 5.554 ; 5.554 ;
; a[5]        ; y[5]        ; 5.050 ; 5.473 ; 5.473 ; 5.050 ;
; a[5]        ; y[6]        ; 6.050 ; 6.050 ; 6.050 ; 6.050 ;
; a[5]        ; y[7]        ; 5.826 ; 5.826 ; 5.826 ; 5.826 ;
; a[6]        ; NZ[0]       ; 5.845 ; 5.845 ; 5.845 ; 5.845 ;
; a[6]        ; NZ[1]       ; 5.444 ; 5.444 ; 5.444 ; 5.444 ;
; a[6]        ; y[6]        ; 5.461 ; 5.915 ; 5.915 ; 5.461 ;
; a[6]        ; y[7]        ; 5.623 ; 5.623 ; 5.623 ; 5.623 ;
; a[7]        ; NZ[0]       ; 4.019 ; 4.019 ; 4.019 ; 4.019 ;
; a[7]        ; NZ[1]       ; 3.505 ; 3.505 ; 3.505 ; 3.505 ;
; a[7]        ; y[7]        ; 3.671 ; 3.671 ; 3.671 ; 3.671 ;
; b[0]        ; NZ[0]       ; 5.885 ; 5.885 ; 5.885 ; 5.885 ;
; b[0]        ; NZ[1]       ; 6.795 ; 6.795 ; 6.795 ; 6.795 ;
; b[0]        ; y[0]        ; 5.078 ; 5.361 ; 5.361 ; 5.078 ;
; b[0]        ; y[1]        ; 5.543 ; 5.543 ; 5.543 ; 5.543 ;
; b[0]        ; y[2]        ; 5.748 ; 5.748 ; 5.748 ; 5.748 ;
; b[0]        ; y[3]        ; 6.894 ; 6.894 ; 6.894 ; 6.894 ;
; b[0]        ; y[4]        ; 6.166 ; 6.166 ; 6.166 ; 6.166 ;
; b[0]        ; y[5]        ; 6.580 ; 6.580 ; 6.580 ; 6.580 ;
; b[0]        ; y[6]        ; 7.293 ; 7.293 ; 7.293 ; 7.293 ;
; b[0]        ; y[7]        ; 7.067 ; 7.067 ; 7.067 ; 7.067 ;
; b[1]        ; NZ[0]       ; 6.044 ; 6.044 ; 6.044 ; 6.044 ;
; b[1]        ; NZ[1]       ; 6.658 ; 6.658 ; 6.658 ; 6.658 ;
; b[1]        ; y[1]        ; 5.383 ; 5.383 ; 5.383 ; 5.383 ;
; b[1]        ; y[2]        ; 5.611 ; 5.611 ; 5.611 ; 5.611 ;
; b[1]        ; y[3]        ; 6.757 ; 6.757 ; 6.757 ; 6.757 ;
; b[1]        ; y[4]        ; 6.029 ; 6.029 ; 6.029 ; 6.029 ;
; b[1]        ; y[5]        ; 6.443 ; 6.443 ; 6.443 ; 6.443 ;
; b[1]        ; y[6]        ; 7.156 ; 7.156 ; 7.156 ; 7.156 ;
; b[1]        ; y[7]        ; 6.930 ; 6.930 ; 6.930 ; 6.930 ;
; b[2]        ; NZ[0]       ; 6.111 ; 6.111 ; 6.111 ; 6.111 ;
; b[2]        ; NZ[1]       ; 6.436 ; 6.436 ; 6.436 ; 6.436 ;
; b[2]        ; y[2]        ; 5.339 ; 5.339 ; 5.339 ; 5.339 ;
; b[2]        ; y[3]        ; 6.735 ; 6.735 ; 6.735 ; 6.735 ;
; b[2]        ; y[4]        ; 5.807 ; 5.807 ; 5.807 ; 5.807 ;
; b[2]        ; y[5]        ; 6.221 ; 6.221 ; 6.221 ; 6.221 ;
; b[2]        ; y[6]        ; 6.934 ; 6.934 ; 6.934 ; 6.934 ;
; b[2]        ; y[7]        ; 6.708 ; 6.708 ; 6.708 ; 6.708 ;
; b[3]        ; NZ[0]       ; 6.035 ; 6.035 ; 6.035 ; 6.035 ;
; b[3]        ; NZ[1]       ; 6.613 ; 6.613 ; 6.613 ; 6.613 ;
; b[3]        ; y[3]        ; 5.446 ; 5.731 ; 5.731 ; 5.446 ;
; b[3]        ; y[4]        ; 5.984 ; 5.984 ; 5.984 ; 5.984 ;
; b[3]        ; y[5]        ; 6.398 ; 6.398 ; 6.398 ; 6.398 ;
; b[3]        ; y[6]        ; 7.111 ; 7.111 ; 7.111 ; 7.111 ;
; b[3]        ; y[7]        ; 6.885 ; 6.885 ; 6.885 ; 6.885 ;
; b[4]        ; NZ[0]       ; 5.887 ; 5.887 ; 5.887 ; 5.887 ;
; b[4]        ; NZ[1]       ; 6.200 ; 6.200 ; 6.200 ; 6.200 ;
; b[4]        ; y[4]        ; 5.442 ; 5.442 ; 5.442 ; 5.442 ;
; b[4]        ; y[5]        ; 5.985 ; 5.985 ; 5.985 ; 5.985 ;
; b[4]        ; y[6]        ; 6.698 ; 6.698 ; 6.698 ; 6.698 ;
; b[4]        ; y[7]        ; 6.472 ; 6.472 ; 6.472 ; 6.472 ;
; b[5]        ; NZ[0]       ; 5.651 ; 5.651 ; 5.651 ; 5.651 ;
; b[5]        ; NZ[1]       ; 5.676 ; 5.676 ; 5.676 ; 5.676 ;
; b[5]        ; y[5]        ; 5.260 ; 5.260 ; 5.260 ; 5.260 ;
; b[5]        ; y[6]        ; 6.171 ; 6.171 ; 6.171 ; 6.171 ;
; b[5]        ; y[7]        ; 5.948 ; 5.948 ; 5.948 ; 5.948 ;
; b[6]        ; NZ[0]       ; 6.006 ; 6.006 ; 6.006 ; 6.006 ;
; b[6]        ; NZ[1]       ; 5.634 ; 5.634 ; 5.634 ; 5.634 ;
; b[6]        ; y[6]        ; 5.173 ; 5.623 ; 5.623 ; 5.173 ;
; b[6]        ; y[7]        ; 5.851 ; 5.851 ; 5.851 ; 5.851 ;
; b[7]        ; NZ[0]       ; 4.120 ; 4.120 ; 4.120 ; 4.120 ;
; b[7]        ; NZ[1]       ; 3.606 ; 3.606 ; 3.606 ; 3.606 ;
; b[7]        ; y[7]        ; 3.457 ; 3.457 ; 3.457 ; 3.457 ;
; operacao[0] ; y[0]        ; 5.174 ; 5.174 ; 5.174 ; 5.174 ;
; operacao[0] ; y[1]        ; 5.298 ; 5.298 ; 5.298 ; 5.298 ;
; operacao[0] ; y[2]        ; 5.318 ; 5.318 ; 5.318 ; 5.318 ;
; operacao[0] ; y[3]        ; 5.387 ; 5.387 ; 5.387 ; 5.387 ;
; operacao[0] ; y[4]        ; 5.365 ; 5.365 ; 5.365 ; 5.365 ;
; operacao[0] ; y[5]        ; 5.318 ; 5.318 ; 5.318 ; 5.318 ;
; operacao[0] ; y[6]        ; 5.204 ; 5.204 ; 5.204 ; 5.204 ;
; operacao[0] ; y[7]        ; 5.365 ; 5.365 ; 5.365 ; 5.365 ;
; operacao[1] ; y[0]        ; 5.069 ; 5.069 ; 5.069 ; 5.069 ;
; operacao[1] ; y[1]        ; 5.193 ; 5.193 ; 5.193 ; 5.193 ;
; operacao[1] ; y[2]        ; 5.213 ; 5.213 ; 5.213 ; 5.213 ;
; operacao[1] ; y[3]        ; 5.282 ; 5.282 ; 5.282 ; 5.282 ;
; operacao[1] ; y[4]        ; 5.260 ; 5.260 ; 5.260 ; 5.260 ;
; operacao[1] ; y[5]        ; 5.213 ; 5.213 ; 5.213 ; 5.213 ;
; operacao[1] ; y[6]        ; 5.099 ; 5.099 ; 5.099 ; 5.099 ;
; operacao[1] ; y[7]        ; 5.260 ; 5.260 ; 5.260 ; 5.260 ;
; operacao[2] ; y[0]        ; 5.240 ; 5.240 ; 5.240 ; 5.240 ;
; operacao[2] ; y[1]        ; 5.400 ; 5.400 ; 5.400 ; 5.400 ;
; operacao[2] ; y[2]        ; 5.420 ; 5.420 ; 5.420 ; 5.420 ;
; operacao[2] ; y[3]        ; 5.489 ; 5.489 ; 5.489 ; 5.489 ;
; operacao[2] ; y[4]        ; 5.467 ; 5.467 ; 5.467 ; 5.467 ;
; operacao[2] ; y[5]        ; 5.311 ; 5.311 ; 5.311 ; 5.311 ;
; operacao[2] ; y[6]        ; 5.211 ; 5.211 ; 5.211 ; 5.211 ;
; operacao[2] ; y[7]        ; 5.200 ; 5.200 ; 5.200 ; 5.200 ;
+-------------+-------------+-------+-------+-------+-------+


-------------------
; Clock Transfers ;
-------------------
Nothing to report.


---------------
; Report TCCS ;
---------------
No dedicated SERDES Transmitter circuitry present in device or used in design


---------------
; Report RSKM ;
---------------
No dedicated SERDES Receiver circuitry present in device or used in design


+------------------------------------------------+
; Unconstrained Paths                            ;
+---------------------------------+-------+------+
; Property                        ; Setup ; Hold ;
+---------------------------------+-------+------+
; Illegal Clocks                  ; 0     ; 0    ;
; Unconstrained Clocks            ; 0     ; 0    ;
; Unconstrained Input Ports       ; 19    ; 19   ;
; Unconstrained Input Port Paths  ; 128   ; 128  ;
; Unconstrained Output Ports      ; 10    ; 10   ;
; Unconstrained Output Port Paths ; 128   ; 128  ;
+---------------------------------+-------+------+


+------------------------------------+
; TimeQuest Timing Analyzer Messages ;
+------------------------------------+
Info: *******************************************************************
Info: Running Quartus II 64-Bit TimeQuest Timing Analyzer
    Info: Version 13.0.0 Build 156 04/24/2013 SJ Web Edition
    Info: Processing started: Thu Jun 27 20:41:03 2019
Info: Command: quartus_sta ULA -c ULA
Info: qsta_default_script.tcl version: #1
Warning (20028): Parallel compilation is not licensed and has been disabled
Info (21077): Low junction temperature is 0 degrees C
Info (21077): High junction temperature is 85 degrees C
Critical Warning (332012): Synopsys Design Constraints File file not found: 'ULA.sdc'. A Synopsys Design Constraints File is required by the TimeQuest Timing Analyzer to get proper timing constraints. Without it, the Compiler will not properly optimize the design.
Info (332142): No user constrained base clocks found in the design. Calling "derive_clocks -period 1.0"
Info (332096): The command derive_clocks did not find any clocks to derive.  No clocks were created or changed.
Warning (332068): No clocks defined in design.
Info: Found TIMEQUEST_REPORT_SCRIPT_INCLUDE_DEFAULT_ANALYSIS = ON
Info (332159): No clocks to report
Info: Analyzing Slow Model
Info (332140): No fmax paths to report
Info (332140): No Setup paths to report
Info (332140): No Hold paths to report
Info (332140): No Recovery paths to report
Info (332140): No Removal paths to report
Info (332140): No Minimum Pulse Width paths to report
Info (332001): The selected device family is not supported by the report_metastability command.
Info: Analyzing Fast Model
Info (332142): No user constrained base clocks found in the design. Calling "derive_clocks -period 1.0"
Info (332096): The command derive_clocks did not find any clocks to derive.  No clocks were created or changed.
Warning (332068): No clocks defined in design.
Info (332140): No Setup paths to report
Info (332140): No Hold paths to report
Info (332140): No Recovery paths to report
Info (332140): No Removal paths to report
Info (332140): No Minimum Pulse Width paths to report
Info (332001): The selected device family is not supported by the report_metastability command.
Info (332102): Design is not fully constrained for setup requirements
Info (332102): Design is not fully constrained for hold requirements
Info: Quartus II 64-Bit TimeQuest Timing Analyzer was successful. 0 errors, 4 warnings
    Info: Peak virtual memory: 4556 megabytes
    Info: Processing ended: Thu Jun 27 20:41:04 2019
    Info: Elapsed time: 00:00:01
    Info: Total CPU time (on all processors): 00:00:01


