Analysis & Synthesis report for NEANDER
Thu Jun 27 21:06:46 2019
Quartus II 64-Bit Version 13.0.0 Build 156 04/24/2013 SJ Web Edition


---------------------
; Table of Contents ;
---------------------
  1. Legal Notice
  2. Analysis & Synthesis Summary
  3. Analysis & Synthesis Settings
  4. Parallel Compilation
  5. Analysis & Synthesis Messages



----------------
; Legal Notice ;
----------------
Copyright (C) 1991-2013 Altera Corporation
Your use of Altera Corporation's design tools, logic functions 
and other software and tools, and its AMPP partner logic 
functions, and any output files from any of the foregoing 
(including device programming or simulation files), and any 
associated documentation or information are expressly subject 
to the terms and conditions of the Altera Program License 
Subscription Agreement, Altera MegaCore Function License 
Agreement, or other applicable license agreement, including, 
without limitation, that your use is for the sole purpose of 
programming logic devices manufactured by Altera and sold by 
Altera or its authorized distributors.  Please refer to the 
applicable agreement for further details.



+---------------------------------------------------------------------------------+
; Analysis & Synthesis Summary                                                    ;
+------------------------------------+--------------------------------------------+
; Analysis & Synthesis Status        ; Failed - Thu Jun 27 21:06:46 2019          ;
; Quartus II 64-Bit Version          ; 13.0.0 Build 156 04/24/2013 SJ Web Edition ;
; Revision Name                      ; NEANDER                                    ;
; Top-level Entity Name              ; NEANDER                                    ;
; Family                             ; Cyclone II                                 ;
; Total logic elements               ; N/A until Partition Merge                  ;
;     Total combinational functions  ; N/A until Partition Merge                  ;
;     Dedicated logic registers      ; N/A until Partition Merge                  ;
; Total registers                    ; N/A until Partition Merge                  ;
; Total pins                         ; N/A until Partition Merge                  ;
; Total virtual pins                 ; N/A until Partition Merge                  ;
; Total memory bits                  ; N/A until Partition Merge                  ;
; Embedded Multiplier 9-bit elements ; N/A until Partition Merge                  ;
; Total PLLs                         ; N/A until Partition Merge                  ;
+------------------------------------+--------------------------------------------+


+----------------------------------------------------------------------------------------------------------------------+
; Analysis & Synthesis Settings                                                                                        ;
+----------------------------------------------------------------------------+--------------------+--------------------+
; Option                                                                     ; Setting            ; Default Value      ;
+----------------------------------------------------------------------------+--------------------+--------------------+
; Device                                                                     ; EP2C35F672C6       ;                    ;
; Top-level entity name                                                      ; NEANDER            ; NEANDER            ;
; Family name                                                                ; Cyclone II         ; Cyclone IV GX      ;
; Use smart compilation                                                      ; Off                ; Off                ;
; Enable parallel Assembler and TimeQuest Timing Analyzer during compilation ; On                 ; On                 ;
; Enable compact report table                                                ; Off                ; Off                ;
; Restructure Multiplexers                                                   ; Auto               ; Auto               ;
; Create Debugging Nodes for IP Cores                                        ; Off                ; Off                ;
; Preserve fewer node names                                                  ; On                 ; On                 ;
; Disable OpenCore Plus hardware evaluation                                  ; Off                ; Off                ;
; Verilog Version                                                            ; Verilog_2001       ; Verilog_2001       ;
; VHDL Version                                                               ; VHDL_1993          ; VHDL_1993          ;
; State Machine Processing                                                   ; Auto               ; Auto               ;
; Safe State Machine                                                         ; Off                ; Off                ;
; Extract Verilog State Machines                                             ; On                 ; On                 ;
; Extract VHDL State Machines                                                ; On                 ; On                 ;
; Ignore Verilog initial constructs                                          ; Off                ; Off                ;
; Iteration limit for constant Verilog loops                                 ; 5000               ; 5000               ;
; Iteration limit for non-constant Verilog loops                             ; 250                ; 250                ;
; Add Pass-Through Logic to Inferred RAMs                                    ; On                 ; On                 ;
; Infer RAMs from Raw Logic                                                  ; On                 ; On                 ;
; Parallel Synthesis                                                         ; On                 ; On                 ;
; DSP Block Balancing                                                        ; Auto               ; Auto               ;
; NOT Gate Push-Back                                                         ; On                 ; On                 ;
; Power-Up Don't Care                                                        ; On                 ; On                 ;
; Remove Redundant Logic Cells                                               ; Off                ; Off                ;
; Remove Duplicate Registers                                                 ; On                 ; On                 ;
; Ignore CARRY Buffers                                                       ; Off                ; Off                ;
; Ignore CASCADE Buffers                                                     ; Off                ; Off                ;
; Ignore GLOBAL Buffers                                                      ; Off                ; Off                ;
; Ignore ROW GLOBAL Buffers                                                  ; Off                ; Off                ;
; Ignore LCELL Buffers                                                       ; Off                ; Off                ;
; Ignore SOFT Buffers                                                        ; On                 ; On                 ;
; Limit AHDL Integers to 32 Bits                                             ; Off                ; Off                ;
; Optimization Technique                                                     ; Balanced           ; Balanced           ;
; Carry Chain Length                                                         ; 70                 ; 70                 ;
; Auto Carry Chains                                                          ; On                 ; On                 ;
; Auto Open-Drain Pins                                                       ; On                 ; On                 ;
; Perform WYSIWYG Primitive Resynthesis                                      ; Off                ; Off                ;
; Auto ROM Replacement                                                       ; On                 ; On                 ;
; Auto RAM Replacement                                                       ; On                 ; On                 ;
; Auto Shift Register Replacement                                            ; Auto               ; Auto               ;
; Allow Shift Register Merging across Hierarchies                            ; Auto               ; Auto               ;
; Auto Clock Enable Replacement                                              ; On                 ; On                 ;
; Strict RAM Replacement                                                     ; Off                ; Off                ;
; Allow Synchronous Control Signals                                          ; On                 ; On                 ;
; Force Use of Synchronous Clear Signals                                     ; Off                ; Off                ;
; Auto RAM to Logic Cell Conversion                                          ; Off                ; Off                ;
; Auto Resource Sharing                                                      ; Off                ; Off                ;
; Allow Any RAM Size For Recognition                                         ; Off                ; Off                ;
; Allow Any ROM Size For Recognition                                         ; Off                ; Off                ;
; Allow Any Shift Register Size For Recognition                              ; Off                ; Off                ;
; Use LogicLock Constraints during Resource Balancing                        ; On                 ; On                 ;
; Ignore translate_off and synthesis_off directives                          ; Off                ; Off                ;
; Timing-Driven Synthesis                                                    ; Off                ; Off                ;
; Report Parameter Settings                                                  ; On                 ; On                 ;
; Report Source Assignments                                                  ; On                 ; On                 ;
; Report Connectivity Checks                                                 ; On                 ; On                 ;
; Ignore Maximum Fan-Out Assignments                                         ; Off                ; Off                ;
; Synchronization Register Chain Length                                      ; 2                  ; 2                  ;
; PowerPlay Power Optimization                                               ; Normal compilation ; Normal compilation ;
; HDL message level                                                          ; Level2             ; Level2             ;
; Suppress Register Optimization Related Messages                            ; Off                ; Off                ;
; Number of Removed Registers Reported in Synthesis Report                   ; 5000               ; 5000               ;
; Number of Swept Nodes Reported in Synthesis Report                         ; 5000               ; 5000               ;
; Number of Inverted Registers Reported in Synthesis Report                  ; 100                ; 100                ;
; Clock MUX Protection                                                       ; On                 ; On                 ;
; Auto Gated Clock Conversion                                                ; Off                ; Off                ;
; Block Design Naming                                                        ; Auto               ; Auto               ;
; SDC constraint protection                                                  ; Off                ; Off                ;
; Synthesis Effort                                                           ; Auto               ; Auto               ;
; Shift Register Replacement - Allow Asynchronous Clear Signal               ; On                 ; On                 ;
; Pre-Mapping Resynthesis Optimization                                       ; Off                ; Off                ;
; Analysis & Synthesis Message Level                                         ; Medium             ; Medium             ;
; Disable Register Merging Across Hierarchies                                ; Auto               ; Auto               ;
; Resource Aware Inference For Block RAM                                     ; On                 ; On                 ;
; Synthesis Seed                                                             ; 1                  ; 1                  ;
+----------------------------------------------------------------------------+--------------------+--------------------+


Parallel compilation was disabled, but you have multiple processors available. Enable parallel compilation to reduce compilation time.
+-------------------------------------+
; Parallel Compilation                ;
+----------------------------+--------+
; Processors                 ; Number ;
+----------------------------+--------+
; Number detected on machine ; 8      ;
; Maximum allowed            ; 1      ;
+----------------------------+--------+


+-------------------------------+
; Analysis & Synthesis Messages ;
+-------------------------------+
Info: *******************************************************************
Info: Running Quartus II 64-Bit Analysis & Synthesis
    Info: Version 13.0.0 Build 156 04/24/2013 SJ Web Edition
    Info: Processing started: Thu Jun 27 21:06:45 2019
Info: Command: quartus_map --read_settings_files=on --write_settings_files=off NEANDER -c NEANDER
Warning (20028): Parallel compilation is not licensed and has been disabled
Info (12021): Found 2 design units, including 1 entities, in source file /users/thaty/desktop/projetocircuitosdigitais/neander/archpccomjk/soma2.vhd
    Info (12022): Found design unit 1: soma2-archsoma2
    Info (12023): Found entity 1: soma2
Info (12021): Found 2 design units, including 1 entities, in source file /users/thaty/desktop/projetocircuitosdigitais/neander/archpccomjk/regpc.vhd
    Info (12022): Found design unit 1: RegPC-archRegPC
    Info (12023): Found entity 1: RegPC
Info (12021): Found 2 design units, including 1 entities, in source file /users/thaty/desktop/projetocircuitosdigitais/neander/rdm/regrdm.vhd
    Info (12022): Found design unit 1: RegRDM-archRegRDM
    Info (12023): Found entity 1: RegRDM
Info (12021): Found 2 design units, including 1 entities, in source file /users/thaty/desktop/projetocircuitosdigitais/neander/rdm/multiplexador2.vhd
    Info (12022): Found design unit 1: multiplexador2-archmultiplexador2
    Info (12023): Found entity 1: multiplexador2
Info (12021): Found 2 design units, including 1 entities, in source file /users/thaty/desktop/projetocircuitosdigitais/neander/ula/ula.vhd
    Info (12022): Found design unit 1: ula-archUla
    Info (12023): Found entity 1: ula
Info (12021): Found 2 design units, including 1 entities, in source file /users/thaty/desktop/projetocircuitosdigitais/neander/ula/somador.vhd
    Info (12022): Found design unit 1: somador-archSomador
    Info (12023): Found entity 1: somador
Info (12021): Found 2 design units, including 1 entities, in source file /users/thaty/desktop/projetocircuitosdigitais/neander/ula/soma.vhd
    Info (12022): Found design unit 1: soma-archSoma
    Info (12023): Found entity 1: soma
Info (12021): Found 2 design units, including 1 entities, in source file /users/thaty/desktop/projetocircuitosdigitais/neander/rem/regrem.vhd
    Info (12022): Found design unit 1: RegREM-archRegREM
    Info (12023): Found entity 1: RegREM
Info (12021): Found 2 design units, including 1 entities, in source file /users/thaty/desktop/projetocircuitosdigitais/neander/nz/regnz.vhd
    Info (12022): Found design unit 1: RegNZ-archRegNZ
    Info (12023): Found entity 1: RegNZ
Info (12021): Found 2 design units, including 1 entities, in source file /users/thaty/desktop/projetocircuitosdigitais/neander/multiplexador/multiplexador.vhd
    Info (12022): Found design unit 1: multiplexador-archMultiplexador
    Info (12023): Found entity 1: multiplexador
Info (12021): Found 2 design units, including 1 entities, in source file /users/thaty/desktop/projetocircuitosdigitais/neander/decodificador/decodificador.vhd
    Info (12022): Found design unit 1: decodificador-archdecodificador
    Info (12023): Found entity 1: decodificador
Info (12021): Found 2 design units, including 1 entities, in source file /users/thaty/desktop/projetocircuitosdigitais/neander/ac/regac.vhd
    Info (12022): Found design unit 1: RegAC-archRegAC
    Info (12023): Found entity 1: RegAC
Info (12021): Found 2 design units, including 1 entities, in source file /users/thaty/desktop/projetocircuitosdigitais/neander/ac/flipflopjk.vhd
    Info (12022): Found design unit 1: flipFlopJK-flipFlopArch
    Info (12023): Found entity 1: flipFlopJK
Error (10500): VHDL syntax error at NEANDER.vhd(7) near text ")";  expecting an identifier, or "constant", or "file", or "signal", or "variable" File: C:/Users/thaty/Desktop/ProjetoCircuitosDigitais/NEANDER/NEANDER/NEANDER.vhd Line: 7
Error (10500): VHDL syntax error at NEANDER.vhd(20) near text "component";  expecting ";", or an identifier ("component" is a reserved keyword), or "entity" File: C:/Users/thaty/Desktop/ProjetoCircuitosDigitais/NEANDER/NEANDER/NEANDER.vhd Line: 20
Error (10396): VHDL syntax error at NEANDER.vhd(29): name used in construct must match previously specified name "NEANDER" File: C:/Users/thaty/Desktop/ProjetoCircuitosDigitais/NEANDER/NEANDER/NEANDER.vhd Line: 29
Error (10523): Ignored construct NEANDER at NEANDER.vhd(4) due to previous errors File: C:/Users/thaty/Desktop/ProjetoCircuitosDigitais/NEANDER/NEANDER/NEANDER.vhd Line: 4
Info (12021): Found 0 design units, including 0 entities, in source file neander.vhd
Error: Quartus II 64-Bit Analysis & Synthesis was unsuccessful. 4 errors, 1 warning
    Error: Peak virtual memory: 4646 megabytes
    Error: Processing ended: Thu Jun 27 21:06:46 2019
    Error: Elapsed time: 00:00:01
    Error: Total CPU time (on all processors): 00:00:01


